INFO : loading file https://s3.amazonaws.com/models.huggingface.co/bert/bert-base-uncased-vocab.txt from cache at /home/andrealk3/.cache/torch/transformers/26bc1ad6c0ac742e9b52263248f6d0f00068293b33709fae12320c0e35ccfbbb.542ce4285a40d23a559526243235df47c5f75c197f04f37d1a0c124c32c9a084
INFO : loading configuration file https://s3.amazonaws.com/models.huggingface.co/bert/distilbert-base-uncased-config.json from cache at /home/andrealk3/.cache/torch/transformers/a41e817d5c0743e29e86ff85edc8c257e61bc8d88e4271bb1b243b6e7614c633.1ccd1a11c9ff276830e114ea477ea2407100f4a3be7bdc45d37be9e37fa71c7e
INFO : Model config {
  "activation": "gelu",
  "attention_dropout": 0.1,
  "dim": 768,
  "dropout": 0.1,
  "finetuning_task": null,
  "hidden_dim": 3072,
  "initializer_range": 0.02,
  "max_position_embeddings": 512,
  "n_heads": 12,
  "n_layers": 6,
  "num_labels": 2,
  "output_attentions": false,
  "output_hidden_states": true,
  "output_past": true,
  "pruned_heads": {},
  "qa_dropout": 0.1,
  "seq_classif_dropout": 0.2,
  "sinusoidal_pos_embds": false,
  "tie_weights_": true,
  "torchscript": false,
  "use_bfloat16": false,
  "vocab_size": 30522
}

INFO : loading weights file https://s3.amazonaws.com/models.huggingface.co/bert/distilbert-base-uncased-pytorch_model.bin from cache at /home/andrealk3/.cache/torch/transformers/7b8a8f0b21c4e7f6962451c9370a5d9af90372a5f64637a251f2de154d0fc72c.c2015533705b9dff680ae707e205a35e2860e8d148b45d35085419d74fe57ac5
INFO : Training the AutoEncoder. Checkpoint at 500*n steps.
INFO : Epoch: 0 ; step:500
INFO : GPU usage, on each device, in MBs: {0: 1646, 1: 11, 2: 11, 3: 36}
***

INFO :
****
 Evaluation iteration n. 0
INFO : 1) GPU usage: {0: 1646, 1: 11, 2: 11, 3: 36}
INFO : 2) GPU usage: {0: 1646, 1: 11, 2: 11, 3: 36}
INFO : 3) GPU usage: {0: 1646, 1: 11, 2: 11, 3: 36}
INFO : 4) GPU usage: {0: 1646, 1: 11, 2: 11, 3: 36}
INFO : 5) GPU usage: {0: 1646, 1: 11, 2: 11, 3: 36}
INFO : 6) GPU usage: {0: 1646, 1: 11, 2: 11, 3: 36}
INFO : 7) GPU usage: {0: 1646, 1: 11, 2: 11, 3: 36}
INFO : 8) GPU usage: {0: 1646, 1: 11, 2: 11, 3: 36}
INFO : 9) GPU usage: {0: 1646, 1: 11, 2: 11, 3: 36}
INFO : 10) GPU usage: {0: 1646, 1: 11, 2: 11, 3: 36}
INFO :
****
 Evaluation iteration n. 1
INFO : 1) GPU usage: {0: 1536, 1: 11, 2: 11, 3: 36}
INFO : 2) GPU usage: {0: 1536, 1: 11, 2: 11, 3: 36}
INFO : 3) GPU usage: {0: 1536, 1: 11, 2: 11, 3: 36}

INFO : 4) GPU usage: {0: 1536, 1: 11, 2: 11, 3: 36}
INFO : 5) GPU usage: {0: 1610, 1: 11, 2: 11, 3: 36}

INFO : 6) GPU usage: {0: 1610, 1: 11, 2: 11, 3: 36}
INFO : 7) GPU usage: {0: 1610, 1: 11, 2: 11, 3: 36}
INFO : 8) GPU usage: {0: 1610, 1: 11, 2: 11, 3: 36}
INFO : 9) GPU usage: {0: 1610, 1: 11, 2: 11, 3: 36}
INFO : 10) GPU usage: {0: 1610, 1: 11, 2: 11, 3: 36}
INFO :
****
 Evaluation iteration n. 2
INFO : 1) GPU usage: {0: 1610, 1: 11, 2: 11, 3: 36}
INFO : 2) GPU usage: {0: 1610, 1: 11, 2: 11, 3: 36}
INFO : 3) GPU usage: {0: 1610, 1: 11, 2: 11, 3: 36}

INFO : 4) GPU usage: {0: 1610, 1: 11, 2: 11, 3: 36}
INFO : 5) GPU usage: {0: 1684, 1: 11, 2: 11, 3: 36}

INFO : 6) GPU usage: {0: 1684, 1: 11, 2: 11, 3: 36}
INFO : 7) GPU usage: {0: 1684, 1: 11, 2: 11, 3: 36}
INFO : 8) GPU usage: {0: 1684, 1: 11, 2: 11, 3: 36}
INFO : 9) GPU usage: {0: 1684, 1: 11, 2: 11, 3: 36}
INFO : 10) GPU usage: {0: 1684, 1: 11, 2: 11, 3: 36}
INFO :
****
 Evaluation iteration n. 3
INFO : 1) GPU usage: {0: 1684, 1: 11, 2: 11, 3: 36}
INFO : 2) GPU usage: {0: 1684, 1: 11, 2: 11, 3: 36}
INFO : 3) GPU usage: {0: 1684, 1: 11, 2: 11, 3: 36}

INFO : 4) GPU usage: {0: 1684, 1: 11, 2: 11, 3: 36}
INFO : 5) GPU usage: {0: 1760, 1: 11, 2: 11, 3: 36}

INFO : 6) GPU usage: {0: 1760, 1: 11, 2: 11, 3: 36}
INFO : 7) GPU usage: {0: 1760, 1: 11, 2: 11, 3: 36}
INFO : 8) GPU usage: {0: 1760, 1: 11, 2: 11, 3: 36}
INFO : 9) GPU usage: {0: 1760, 1: 11, 2: 11, 3: 36}
INFO : 10) GPU usage: {0: 1760, 1: 11, 2: 11, 3: 36}
INFO :
****
 Evaluation iteration n. 4
INFO : 1) GPU usage: {0: 1760, 1: 11, 2: 11, 3: 36}
INFO : 2) GPU usage: {0: 1760, 1: 11, 2: 11, 3: 36}
INFO : 3) GPU usage: {0: 1760, 1: 11, 2: 11, 3: 36}
INFO : 4) GPU usage: {0: 1760, 1: 11, 2: 11, 3: 36}
INFO : 5) GPU usage: {0: 1834, 1: 11, 2: 11, 3: 36}
INFO : 6) GPU usage: {0: 1834, 1: 11, 2: 11, 3: 36}
INFO : 7) GPU usage: {0: 1834, 1: 11, 2: 11, 3: 36}
INFO : 8) GPU usage: {0: 1834, 1: 11, 2: 11, 3: 36}
INFO : 9) GPU usage: {0: 1834, 1: 11, 2: 11, 3: 36}
INFO : 10) GPU usage: {0: 1834, 1: 11, 2: 11, 3: 36}
INFO :
****
 Evaluation iteration n. 5
INFO : 1) GPU usage: {0: 1834, 1: 11, 2: 11, 3: 36}
INFO : 2) GPU usage: {0: 1834, 1: 11, 2: 11, 3: 36}
INFO : 3) GPU usage: {0: 1834, 1: 11, 2: 11, 3: 36}
INFO : 4) GPU usage: {0: 1834, 1: 11, 2: 11, 3: 36}
INFO : 5) GPU usage: {0: 1888, 1: 11, 2: 11, 3: 36}
INFO : 6) GPU usage: {0: 1888, 1: 11, 2: 11, 3: 36}
INFO : 7) GPU usage: {0: 1888, 1: 11, 2: 11, 3: 36}
INFO : 8) GPU usage: {0: 1888, 1: 11, 2: 11, 3: 36}
INFO : 9) GPU usage: {0: 1888, 1: 11, 2: 11, 3: 36}
INFO : 10) GPU usage: {0: 1888, 1: 11, 2: 11, 3: 36}
INFO :
****
 Evaluation iteration n. 6
INFO : 1) GPU usage: {0: 1888, 1: 11, 2: 11, 3: 36}
INFO : 2) GPU usage: {0: 1888, 1: 11, 2: 11, 3: 36}
INFO : 3) GPU usage: {0: 1888, 1: 11, 2: 11, 3: 36}
INFO : 4) GPU usage: {0: 1888, 1: 11, 2: 11, 3: 36}
INFO : 5) GPU usage: {0: 1962, 1: 11, 2: 11, 3: 36}
INFO : 6) GPU usage: {0: 1962, 1: 11, 2: 11, 3: 36}
INFO : 7) GPU usage: {0: 1962, 1: 11, 2: 11, 3: 36}
INFO : 8) GPU usage: {0: 1962, 1: 11, 2: 11, 3: 36}
INFO : 9) GPU usage: {0: 1962, 1: 11, 2: 11, 3: 36}
INFO : 10) GPU usage: {0: 1962, 1: 11, 2: 11, 3: 36}
INFO :
****
 Evaluation iteration n. 7
INFO : 1) GPU usage: {0: 1962, 1: 11, 2: 11, 3: 36}
INFO : 2) GPU usage: {0: 1962, 1: 11, 2: 11, 3: 36}
INFO : 3) GPU usage: {0: 1962, 1: 11, 2: 11, 3: 36}

INFO : 4) GPU usage: {0: 1962, 1: 11, 2: 11, 3: 36}
INFO : 5) GPU usage: {0: 2036, 1: 11, 2: 11, 3: 36}

INFO : 6) GPU usage: {0: 2036, 1: 11, 2: 11, 3: 36}
INFO : 7) GPU usage: {0: 2036, 1: 11, 2: 11, 3: 36}
INFO : 8) GPU usage: {0: 2036, 1: 11, 2: 11, 3: 36}
INFO : 9) GPU usage: {0: 2036, 1: 11, 2: 11, 3: 36}
INFO : 10) GPU usage: {0: 2036, 1: 11, 2: 11, 3: 36}
INFO :
****
 Evaluation iteration n. 8
INFO : 1) GPU usage: {0: 2036, 1: 11, 2: 11, 3: 36}
INFO : 2) GPU usage: {0: 2036, 1: 11, 2: 11, 3: 36}
INFO : 3) GPU usage: {0: 2036, 1: 11, 2: 11, 3: 36}

INFO : 4) GPU usage: {0: 2036, 1: 11, 2: 11, 3: 36}
INFO : 5) GPU usage: {0: 2112, 1: 11, 2: 11, 3: 36}

INFO : 6) GPU usage: {0: 2112, 1: 11, 2: 11, 3: 36}
INFO : 7) GPU usage: {0: 2112, 1: 11, 2: 11, 3: 36}
INFO : 8) GPU usage: {0: 2112, 1: 11, 2: 11, 3: 36}
INFO : 9) GPU usage: {0: 2112, 1: 11, 2: 11, 3: 36}
INFO : 10) GPU usage: {0: 2112, 1: 11, 2: 11, 3: 36}
INFO :
****
 Evaluation iteration n. 9
INFO : 1) GPU usage: {0: 2112, 1: 11, 2: 11, 3: 36}
INFO : 2) GPU usage: {0: 2112, 1: 11, 2: 11, 3: 36}
INFO : 3) GPU usage: {0: 2112, 1: 11, 2: 11, 3: 36}
INFO : 4) GPU usage: {0: 2112, 1: 11, 2: 11, 3: 36}
INFO : 5) GPU usage: {0: 2186, 1: 11, 2: 11, 3: 36}
INFO : 6) GPU usage: {0: 2186, 1: 11, 2: 11, 3: 36}
INFO : 7) GPU usage: {0: 2186, 1: 11, 2: 11, 3: 36}
INFO : 8) GPU usage: {0: 2186, 1: 11, 2: 11, 3: 36}
INFO : 9) GPU usage: {0: 2186, 1: 11, 2: 11, 3: 36}
INFO : 10) GPU usage: {0: 2186, 1: 11, 2: 11, 3: 36}
INFO :
****
 Evaluation iteration n. 10
INFO : 1) GPU usage: {0: 2186, 1: 11, 2: 11, 3: 36}
INFO : 2) GPU usage: {0: 2186, 1: 11, 2: 11, 3: 36}
INFO : 3) GPU usage: {0: 2186, 1: 11, 2: 11, 3: 36}
INFO : 4) GPU usage: {0: 2186, 1: 11, 2: 11, 3: 36}
INFO : 5) GPU usage: {0: 2260, 1: 11, 2: 11, 3: 36}
INFO : 6) GPU usage: {0: 2260, 1: 11, 2: 11, 3: 36}
INFO : 7) GPU usage: {0: 2260, 1: 11, 2: 11, 3: 36}
