INFO : Senses : [ 0 , 10)
INFO : Global single-prototypes : [ 10 , 15)
INFO : Definitions : [ 15 , 35)
INFO : Examples : [ 35 , 55)
INFO : Total number of edges = 50
INFO : 
Epoch n.1:
INFO : starting_node_index=10
INFO : edges_indices_prev=tensor([29, 38, 39, 42, 43, 44, 45, 47, 48])
INFO : edges_indices=tensor([29, 38, 39, 42, 43, 44, 45, 47, 48])
INFO : starting_node_index=5
INFO : edges_indices_prev=tensor([ 8, 22, 33])
INFO : edges_indices=tensor([ 8, 22, 33])
INFO : starting_node_index=12
INFO : edges_indices_prev=tensor([36, 37, 40, 41])
INFO : edges_indices=tensor([36, 37, 40, 41])
INFO : starting_node_index=3
INFO : edges_indices_prev=tensor([ 5,  6, 19])
INFO : edges_indices=tensor([ 5,  6, 19])
INFO : starting_node_index=14
INFO : edges_indices_prev=tensor([29, 35, 40, 41])
INFO : edges_indices=tensor([29, 35, 40, 41])
INFO : starting_node_index=9
INFO : edges_indices_prev=tensor([13, 14, 27])
INFO : edges_indices=tensor([13, 14, 27])
INFO : starting_node_index=11
INFO : edges_indices_prev=tensor([32, 33, 34])
INFO : edges_indices=tensor([32, 33, 34])
INFO : starting_node_index=12
INFO : edges_indices_prev=tensor([36, 37, 40, 41])
INFO : edges_indices=tensor([36, 37, 40, 41])
INFO : starting_node_index=13
INFO : edges_indices_prev=tensor([30, 31, 46, 49])
INFO : edges_indices=tensor([30, 31, 46, 49])
INFO : starting_node_index=14
INFO : edges_indices_prev=tensor([29, 35, 40, 41])
INFO : edges_indices=tensor([29, 35, 40, 41])
INFO : starting_node_index=10
INFO : edges_indices_prev=tensor([29, 38, 39, 42, 43, 44, 45, 47, 48])
INFO : edges_indices=tensor([29, 38, 39, 42, 43, 44, 45, 47, 48])
INFO : starting_node_index=5
INFO : edges_indices_prev=tensor([ 8, 22, 33])
INFO : edges_indices=tensor([ 8, 22, 33])
INFO : starting_node_index=12
INFO : edges_indices_prev=tensor([36, 37, 40, 41])
INFO : edges_indices=tensor([36, 37, 40, 41])
INFO : starting_node_index=3
INFO : edges_indices_prev=tensor([ 5,  6, 19])
INFO : edges_indices=tensor([ 5,  6, 19])
INFO : starting_node_index=14
INFO : edges_indices_prev=tensor([29, 35, 40, 41])
INFO : edges_indices=tensor([29, 35, 40, 41])
INFO : starting_node_index=9
INFO : edges_indices_prev=tensor([13, 14, 27])
INFO : edges_indices=tensor([13, 14, 27])
INFO : starting_node_index=5
INFO : edges_indices_prev=tensor([ 8, 22, 33])
INFO : edges_indices=tensor([ 8, 22, 33])
INFO : starting_node_index=12
INFO : edges_indices_prev=tensor([36, 37, 40, 41])
INFO : edges_indices=tensor([36, 37, 40, 41])
INFO : starting_node_index=3
INFO : edges_indices_prev=tensor([ 5,  6, 19])
INFO : edges_indices=tensor([ 5,  6, 19])
INFO : tensor(1.0963, grad_fn=<AddBackward0>)
INFO : 
Epoch n.2:
INFO : starting_node_index=10
INFO : edges_indices_prev=tensor([29, 38, 39, 42, 43, 44, 45, 47, 48])
INFO : edges_indices=tensor([29, 38, 39, 42, 43, 44, 45, 47, 48])
INFO : starting_node_index=5
INFO : edges_indices_prev=tensor([ 8, 22, 33])
INFO : edges_indices=tensor([ 8, 22, 33])
INFO : starting_node_index=12
INFO : edges_indices_prev=tensor([36, 37, 40, 41])
INFO : edges_indices=tensor([36, 37, 40, 41])
INFO : starting_node_index=3
INFO : edges_indices_prev=tensor([ 5,  6, 19])
INFO : edges_indices=tensor([ 5,  6, 19])
INFO : starting_node_index=14
INFO : edges_indices_prev=tensor([29, 35, 40, 41])
INFO : edges_indices=tensor([29, 35, 40, 41])
INFO : starting_node_index=9
INFO : edges_indices_prev=tensor([13, 14, 27])
INFO : edges_indices=tensor([13, 14, 27])
INFO : starting_node_index=11
INFO : edges_indices_prev=tensor([32, 33, 34])
INFO : edges_indices=tensor([32, 33, 34])
INFO : starting_node_index=12
INFO : edges_indices_prev=tensor([36, 37, 40, 41])
INFO : edges_indices=tensor([36, 37, 40, 41])
INFO : starting_node_index=13
INFO : edges_indices_prev=tensor([30, 31, 46, 49])
INFO : edges_indices=tensor([30, 31, 46, 49])
INFO : starting_node_index=14
INFO : edges_indices_prev=tensor([29, 35, 40, 41])
INFO : edges_indices=tensor([29, 35, 40, 41])
INFO : starting_node_index=10
INFO : edges_indices_prev=tensor([29, 38, 39, 42, 43, 44, 45, 47, 48])
INFO : edges_indices=tensor([29, 38, 39, 42, 43, 44, 45, 47, 48])
INFO : starting_node_index=5
INFO : edges_indices_prev=tensor([ 8, 22, 33])
INFO : edges_indices=tensor([ 8, 22, 33])
INFO : starting_node_index=12
INFO : edges_indices_prev=tensor([36, 37, 40, 41])
INFO : edges_indices=tensor([36, 37, 40, 41])
INFO : starting_node_index=3
INFO : edges_indices_prev=tensor([ 5,  6, 19])
INFO : edges_indices=tensor([ 5,  6, 19])
INFO : starting_node_index=14
INFO : edges_indices_prev=tensor([29, 35, 40, 41])
INFO : edges_indices=tensor([29, 35, 40, 41])
INFO : starting_node_index=9
INFO : edges_indices_prev=tensor([13, 14, 27])
INFO : edges_indices=tensor([13, 14, 27])
INFO : starting_node_index=5
INFO : edges_indices_prev=tensor([ 8, 22, 33])
INFO : edges_indices=tensor([ 8, 22, 33])
INFO : starting_node_index=12
INFO : edges_indices_prev=tensor([36, 37, 40, 41])
INFO : edges_indices=tensor([36, 37, 40, 41])
INFO : starting_node_index=3
INFO : edges_indices_prev=tensor([ 5,  6, 19])
INFO : edges_indices=tensor([ 5,  6, 19])
INFO : tensor(0.3870, grad_fn=<AddBackward0>)
INFO : 
Epoch n.3:
INFO : starting_node_index=10
INFO : edges_indices_prev=tensor([29, 38, 39, 42, 43, 44, 45, 47, 48])
INFO : edges_indices=tensor([29, 38, 39, 42, 43, 44, 45, 47, 48])
INFO : starting_node_index=5
INFO : edges_indices_prev=tensor([ 8, 22, 33])
INFO : edges_indices=tensor([ 8, 22, 33])
INFO : starting_node_index=12
INFO : edges_indices_prev=tensor([36, 37, 40, 41])
INFO : edges_indices=tensor([36, 37, 40, 41])
INFO : starting_node_index=3
INFO : edges_indices_prev=tensor([ 5,  6, 19])
INFO : edges_indices=tensor([ 5,  6, 19])
INFO : starting_node_index=14
INFO : edges_indices_prev=tensor([29, 35, 40, 41])
INFO : edges_indices=tensor([29, 35, 40, 41])
INFO : starting_node_index=9
INFO : edges_indices_prev=tensor([13, 14, 27])
INFO : edges_indices=tensor([13, 14, 27])
INFO : starting_node_index=11
INFO : edges_indices_prev=tensor([32, 33, 34])
INFO : edges_indices=tensor([32, 33, 34])
INFO : starting_node_index=12
INFO : edges_indices_prev=tensor([36, 37, 40, 41])
INFO : edges_indices=tensor([36, 37, 40, 41])
INFO : starting_node_index=13
INFO : edges_indices_prev=tensor([30, 31, 46, 49])
INFO : edges_indices=tensor([30, 31, 46, 49])
INFO : starting_node_index=14
INFO : edges_indices_prev=tensor([29, 35, 40, 41])
INFO : edges_indices=tensor([29, 35, 40, 41])
INFO : starting_node_index=10
INFO : edges_indices_prev=tensor([29, 38, 39, 42, 43, 44, 45, 47, 48])
INFO : edges_indices=tensor([29, 38, 39, 42, 43, 44, 45, 47, 48])
INFO : starting_node_index=5
INFO : edges_indices_prev=tensor([ 8, 22, 33])
INFO : edges_indices=tensor([ 8, 22, 33])
INFO : starting_node_index=12
INFO : edges_indices_prev=tensor([36, 37, 40, 41])
INFO : edges_indices=tensor([36, 37, 40, 41])
INFO : starting_node_index=3
INFO : edges_indices_prev=tensor([ 5,  6, 19])
INFO : edges_indices=tensor([ 5,  6, 19])
INFO : starting_node_index=14
INFO : edges_indices_prev=tensor([29, 35, 40, 41])
INFO : edges_indices=tensor([29, 35, 40, 41])
INFO : starting_node_index=9
INFO : edges_indices_prev=tensor([13, 14, 27])
INFO : edges_indices=tensor([13, 14, 27])
INFO : starting_node_index=5
INFO : edges_indices_prev=tensor([ 8, 22, 33])
INFO : edges_indices=tensor([ 8, 22, 33])
INFO : starting_node_index=12
INFO : edges_indices_prev=tensor([36, 37, 40, 41])
INFO : edges_indices=tensor([36, 37, 40, 41])
INFO : starting_node_index=3
INFO : edges_indices_prev=tensor([ 5,  6, 19])
INFO : edges_indices=tensor([ 5,  6, 19])
INFO : tensor(0.0389, grad_fn=<AddBackward0>)
INFO : 
Epoch n.4:
INFO : starting_node_index=10
INFO : edges_indices_prev=tensor([29, 38, 39, 42, 43, 44, 45, 47, 48])
INFO : edges_indices=tensor([29, 38, 39, 42, 43, 44, 45, 47, 48])
INFO : starting_node_index=5
INFO : edges_indices_prev=tensor([ 8, 22, 33])
INFO : edges_indices=tensor([ 8, 22, 33])
INFO : starting_node_index=12
INFO : edges_indices_prev=tensor([36, 37, 40, 41])
INFO : edges_indices=tensor([36, 37, 40, 41])
INFO : starting_node_index=3
INFO : edges_indices_prev=tensor([ 5,  6, 19])
INFO : edges_indices=tensor([ 5,  6, 19])
INFO : starting_node_index=14
INFO : edges_indices_prev=tensor([29, 35, 40, 41])
INFO : edges_indices=tensor([29, 35, 40, 41])
INFO : starting_node_index=9
INFO : edges_indices_prev=tensor([13, 14, 27])
INFO : edges_indices=tensor([13, 14, 27])
INFO : starting_node_index=11
INFO : edges_indices_prev=tensor([32, 33, 34])
INFO : edges_indices=tensor([32, 33, 34])
INFO : starting_node_index=12
INFO : edges_indices_prev=tensor([36, 37, 40, 41])
INFO : edges_indices=tensor([36, 37, 40, 41])
INFO : starting_node_index=13
INFO : edges_indices_prev=tensor([30, 31, 46, 49])
INFO : edges_indices=tensor([30, 31, 46, 49])
INFO : starting_node_index=14
INFO : edges_indices_prev=tensor([29, 35, 40, 41])
INFO : edges_indices=tensor([29, 35, 40, 41])
INFO : starting_node_index=10
INFO : edges_indices_prev=tensor([29, 38, 39, 42, 43, 44, 45, 47, 48])
INFO : edges_indices=tensor([29, 38, 39, 42, 43, 44, 45, 47, 48])
INFO : starting_node_index=5
INFO : edges_indices_prev=tensor([ 8, 22, 33])
INFO : edges_indices=tensor([ 8, 22, 33])
INFO : starting_node_index=12
INFO : edges_indices_prev=tensor([36, 37, 40, 41])
INFO : edges_indices=tensor([36, 37, 40, 41])
INFO : starting_node_index=3
INFO : edges_indices_prev=tensor([ 5,  6, 19])
INFO : edges_indices=tensor([ 5,  6, 19])
INFO : starting_node_index=14
INFO : edges_indices_prev=tensor([29, 35, 40, 41])
INFO : edges_indices=tensor([29, 35, 40, 41])
INFO : starting_node_index=9
INFO : edges_indices_prev=tensor([13, 14, 27])
INFO : edges_indices=tensor([13, 14, 27])
INFO : starting_node_index=5
INFO : edges_indices_prev=tensor([ 8, 22, 33])
INFO : edges_indices=tensor([ 8, 22, 33])
INFO : starting_node_index=12
INFO : edges_indices_prev=tensor([36, 37, 40, 41])
INFO : edges_indices=tensor([36, 37, 40, 41])
INFO : starting_node_index=3
INFO : edges_indices_prev=tensor([ 5,  6, 19])
INFO : edges_indices=tensor([ 5,  6, 19])
INFO : tensor(0.0051, grad_fn=<AddBackward0>)
INFO : 
Epoch n.5:
INFO : starting_node_index=10
INFO : edges_indices_prev=tensor([29, 38, 39, 42, 43, 44, 45, 47, 48])
INFO : edges_indices=tensor([29, 38, 39, 42, 43, 44, 45, 47, 48])
INFO : starting_node_index=5
INFO : edges_indices_prev=tensor([ 8, 22, 33])
INFO : edges_indices=tensor([ 8, 22, 33])
INFO : starting_node_index=12
INFO : edges_indices_prev=tensor([36, 37, 40, 41])
INFO : edges_indices=tensor([36, 37, 40, 41])
INFO : starting_node_index=3
INFO : edges_indices_prev=tensor([ 5,  6, 19])
INFO : edges_indices=tensor([ 5,  6, 19])
INFO : starting_node_index=14
INFO : edges_indices_prev=tensor([29, 35, 40, 41])
INFO : edges_indices=tensor([29, 35, 40, 41])
INFO : starting_node_index=9
INFO : edges_indices_prev=tensor([13, 14, 27])
INFO : edges_indices=tensor([13, 14, 27])
INFO : starting_node_index=11
INFO : edges_indices_prev=tensor([32, 33, 34])
INFO : edges_indices=tensor([32, 33, 34])
INFO : starting_node_index=12
INFO : edges_indices_prev=tensor([36, 37, 40, 41])
INFO : edges_indices=tensor([36, 37, 40, 41])
INFO : starting_node_index=13
INFO : edges_indices_prev=tensor([30, 31, 46, 49])
INFO : edges_indices=tensor([30, 31, 46, 49])
INFO : starting_node_index=14
INFO : edges_indices_prev=tensor([29, 35, 40, 41])
INFO : edges_indices=tensor([29, 35, 40, 41])
INFO : starting_node_index=10
INFO : edges_indices_prev=tensor([29, 38, 39, 42, 43, 44, 45, 47, 48])
INFO : edges_indices=tensor([29, 38, 39, 42, 43, 44, 45, 47, 48])
INFO : starting_node_index=5
INFO : edges_indices_prev=tensor([ 8, 22, 33])
INFO : edges_indices=tensor([ 8, 22, 33])
INFO : starting_node_index=12
INFO : edges_indices_prev=tensor([36, 37, 40, 41])
INFO : edges_indices=tensor([36, 37, 40, 41])
INFO : starting_node_index=3
INFO : edges_indices_prev=tensor([ 5,  6, 19])
INFO : edges_indices=tensor([ 5,  6, 19])
INFO : starting_node_index=14
INFO : edges_indices_prev=tensor([29, 35, 40, 41])
INFO : edges_indices=tensor([29, 35, 40, 41])
INFO : starting_node_index=9
INFO : edges_indices_prev=tensor([13, 14, 27])
INFO : edges_indices=tensor([13, 14, 27])
INFO : starting_node_index=5
INFO : edges_indices_prev=tensor([ 8, 22, 33])
INFO : edges_indices=tensor([ 8, 22, 33])
INFO : starting_node_index=12
INFO : edges_indices_prev=tensor([36, 37, 40, 41])
INFO : edges_indices=tensor([36, 37, 40, 41])
INFO : starting_node_index=3
INFO : edges_indices_prev=tensor([ 5,  6, 19])
INFO : edges_indices=tensor([ 5,  6, 19])
INFO : tensor(0.0026, grad_fn=<AddBackward0>)
INFO : 
Epoch n.6:
INFO : starting_node_index=10
INFO : edges_indices_prev=tensor([29, 38, 39, 42, 43, 44, 45, 47, 48])
INFO : edges_indices=tensor([29, 38, 39, 42, 43, 44, 45, 47, 48])
INFO : starting_node_index=5
INFO : edges_indices_prev=tensor([ 8, 22, 33])
INFO : edges_indices=tensor([ 8, 22, 33])
INFO : starting_node_index=12
INFO : edges_indices_prev=tensor([36, 37, 40, 41])
INFO : edges_indices=tensor([36, 37, 40, 41])
INFO : starting_node_index=3
INFO : edges_indices_prev=tensor([ 5,  6, 19])
INFO : edges_indices=tensor([ 5,  6, 19])
INFO : starting_node_index=14
INFO : edges_indices_prev=tensor([29, 35, 40, 41])
INFO : edges_indices=tensor([29, 35, 40, 41])
INFO : starting_node_index=9
INFO : edges_indices_prev=tensor([13, 14, 27])
INFO : edges_indices=tensor([13, 14, 27])
INFO : starting_node_index=11
INFO : edges_indices_prev=tensor([32, 33, 34])
INFO : edges_indices=tensor([32, 33, 34])
INFO : starting_node_index=12
INFO : edges_indices_prev=tensor([36, 37, 40, 41])
INFO : edges_indices=tensor([36, 37, 40, 41])
INFO : starting_node_index=13
INFO : edges_indices_prev=tensor([30, 31, 46, 49])
INFO : edges_indices=tensor([30, 31, 46, 49])
INFO : starting_node_index=14
INFO : edges_indices_prev=tensor([29, 35, 40, 41])
INFO : edges_indices=tensor([29, 35, 40, 41])
INFO : starting_node_index=10
INFO : edges_indices_prev=tensor([29, 38, 39, 42, 43, 44, 45, 47, 48])
INFO : edges_indices=tensor([29, 38, 39, 42, 43, 44, 45, 47, 48])
INFO : starting_node_index=5
INFO : edges_indices_prev=tensor([ 8, 22, 33])
INFO : edges_indices=tensor([ 8, 22, 33])
INFO : starting_node_index=12
INFO : edges_indices_prev=tensor([36, 37, 40, 41])
INFO : edges_indices=tensor([36, 37, 40, 41])
INFO : starting_node_index=3
INFO : edges_indices_prev=tensor([ 5,  6, 19])
INFO : edges_indices=tensor([ 5,  6, 19])
INFO : starting_node_index=14
INFO : edges_indices_prev=tensor([29, 35, 40, 41])
INFO : edges_indices=tensor([29, 35, 40, 41])
INFO : starting_node_index=9
INFO : edges_indices_prev=tensor([13, 14, 27])
INFO : edges_indices=tensor([13, 14, 27])
INFO : starting_node_index=5
INFO : edges_indices_prev=tensor([ 8, 22, 33])
INFO : edges_indices=tensor([ 8, 22, 33])
INFO : starting_node_index=12
INFO : edges_indices_prev=tensor([36, 37, 40, 41])
INFO : edges_indices=tensor([36, 37, 40, 41])
INFO : starting_node_index=3
INFO : edges_indices_prev=tensor([ 5,  6, 19])
INFO : edges_indices=tensor([ 5,  6, 19])
INFO : tensor(0.0023, grad_fn=<AddBackward0>)
INFO : 
Epoch n.7:
INFO : starting_node_index=10
INFO : edges_indices_prev=tensor([29, 38, 39, 42, 43, 44, 45, 47, 48])
INFO : edges_indices=tensor([29, 38, 39, 42, 43, 44, 45, 47, 48])
INFO : starting_node_index=5
INFO : edges_indices_prev=tensor([ 8, 22, 33])
INFO : edges_indices=tensor([ 8, 22, 33])
INFO : starting_node_index=12
INFO : edges_indices_prev=tensor([36, 37, 40, 41])
INFO : edges_indices=tensor([36, 37, 40, 41])
INFO : starting_node_index=3
INFO : edges_indices_prev=tensor([ 5,  6, 19])
INFO : edges_indices=tensor([ 5,  6, 19])
INFO : starting_node_index=14
INFO : edges_indices_prev=tensor([29, 35, 40, 41])
INFO : edges_indices=tensor([29, 35, 40, 41])
INFO : starting_node_index=9
INFO : edges_indices_prev=tensor([13, 14, 27])
INFO : edges_indices=tensor([13, 14, 27])
INFO : starting_node_index=11
INFO : edges_indices_prev=tensor([32, 33, 34])
INFO : edges_indices=tensor([32, 33, 34])
INFO : starting_node_index=12
INFO : edges_indices_prev=tensor([36, 37, 40, 41])
INFO : edges_indices=tensor([36, 37, 40, 41])
INFO : starting_node_index=13
INFO : edges_indices_prev=tensor([30, 31, 46, 49])
INFO : edges_indices=tensor([30, 31, 46, 49])
INFO : starting_node_index=14
INFO : edges_indices_prev=tensor([29, 35, 40, 41])
INFO : edges_indices=tensor([29, 35, 40, 41])
INFO : starting_node_index=10
INFO : edges_indices_prev=tensor([29, 38, 39, 42, 43, 44, 45, 47, 48])
INFO : edges_indices=tensor([29, 38, 39, 42, 43, 44, 45, 47, 48])
INFO : starting_node_index=5
INFO : edges_indices_prev=tensor([ 8, 22, 33])
INFO : edges_indices=tensor([ 8, 22, 33])
INFO : starting_node_index=12
INFO : edges_indices_prev=tensor([36, 37, 40, 41])
INFO : edges_indices=tensor([36, 37, 40, 41])
INFO : starting_node_index=3
INFO : edges_indices_prev=tensor([ 5,  6, 19])
INFO : edges_indices=tensor([ 5,  6, 19])
INFO : starting_node_index=14
INFO : edges_indices_prev=tensor([29, 35, 40, 41])
INFO : edges_indices=tensor([29, 35, 40, 41])
INFO : starting_node_index=9
INFO : edges_indices_prev=tensor([13, 14, 27])
INFO : edges_indices=tensor([13, 14, 27])
INFO : starting_node_index=5
INFO : edges_indices_prev=tensor([ 8, 22, 33])
INFO : edges_indices=tensor([ 8, 22, 33])
INFO : starting_node_index=12
INFO : edges_indices_prev=tensor([36, 37, 40, 41])
INFO : edges_indices=tensor([36, 37, 40, 41])
INFO : starting_node_index=3
INFO : edges_indices_prev=tensor([ 5,  6, 19])
INFO : edges_indices=tensor([ 5,  6, 19])
INFO : tensor(0.0023, grad_fn=<AddBackward0>)
INFO : 
Epoch n.8:
INFO : starting_node_index=10
INFO : edges_indices_prev=tensor([29, 38, 39, 42, 43, 44, 45, 47, 48])
INFO : edges_indices=tensor([29, 38, 39, 42, 43, 44, 45, 47, 48])
INFO : starting_node_index=5
INFO : edges_indices_prev=tensor([ 8, 22, 33])
INFO : edges_indices=tensor([ 8, 22, 33])
INFO : starting_node_index=12
INFO : edges_indices_prev=tensor([36, 37, 40, 41])
INFO : edges_indices=tensor([36, 37, 40, 41])
INFO : starting_node_index=3
INFO : edges_indices_prev=tensor([ 5,  6, 19])
INFO : edges_indices=tensor([ 5,  6, 19])
INFO : starting_node_index=14
INFO : edges_indices_prev=tensor([29, 35, 40, 41])
INFO : edges_indices=tensor([29, 35, 40, 41])
INFO : starting_node_index=9
INFO : edges_indices_prev=tensor([13, 14, 27])
INFO : edges_indices=tensor([13, 14, 27])
INFO : starting_node_index=11
INFO : edges_indices_prev=tensor([32, 33, 34])
INFO : edges_indices=tensor([32, 33, 34])
INFO : starting_node_index=12
INFO : edges_indices_prev=tensor([36, 37, 40, 41])
INFO : edges_indices=tensor([36, 37, 40, 41])
INFO : starting_node_index=13
INFO : edges_indices_prev=tensor([30, 31, 46, 49])
INFO : edges_indices=tensor([30, 31, 46, 49])
INFO : starting_node_index=14
INFO : edges_indices_prev=tensor([29, 35, 40, 41])
INFO : edges_indices=tensor([29, 35, 40, 41])
INFO : starting_node_index=10
INFO : edges_indices_prev=tensor([29, 38, 39, 42, 43, 44, 45, 47, 48])
INFO : edges_indices=tensor([29, 38, 39, 42, 43, 44, 45, 47, 48])
INFO : starting_node_index=5
INFO : edges_indices_prev=tensor([ 8, 22, 33])
INFO : edges_indices=tensor([ 8, 22, 33])
INFO : starting_node_index=12
INFO : edges_indices_prev=tensor([36, 37, 40, 41])
INFO : edges_indices=tensor([36, 37, 40, 41])
INFO : starting_node_index=3
INFO : edges_indices_prev=tensor([ 5,  6, 19])
INFO : edges_indices=tensor([ 5,  6, 19])
INFO : starting_node_index=14
INFO : edges_indices_prev=tensor([29, 35, 40, 41])
INFO : edges_indices=tensor([29, 35, 40, 41])
INFO : starting_node_index=9
INFO : edges_indices_prev=tensor([13, 14, 27])
INFO : edges_indices=tensor([13, 14, 27])
INFO : starting_node_index=5
INFO : edges_indices_prev=tensor([ 8, 22, 33])
INFO : edges_indices=tensor([ 8, 22, 33])
INFO : starting_node_index=12
INFO : edges_indices_prev=tensor([36, 37, 40, 41])
INFO : edges_indices=tensor([36, 37, 40, 41])
INFO : starting_node_index=3
INFO : edges_indices_prev=tensor([ 5,  6, 19])
INFO : edges_indices=tensor([ 5,  6, 19])
INFO : tensor(0.0021, grad_fn=<AddBackward0>)
INFO : 
Epoch n.9:
INFO : starting_node_index=10
INFO : edges_indices_prev=tensor([29, 38, 39, 42, 43, 44, 45, 47, 48])
INFO : edges_indices=tensor([29, 38, 39, 42, 43, 44, 45, 47, 48])
INFO : starting_node_index=5
INFO : edges_indices_prev=tensor([ 8, 22, 33])
INFO : edges_indices=tensor([ 8, 22, 33])
INFO : starting_node_index=12
INFO : edges_indices_prev=tensor([36, 37, 40, 41])
INFO : edges_indices=tensor([36, 37, 40, 41])
INFO : starting_node_index=3
INFO : edges_indices_prev=tensor([ 5,  6, 19])
INFO : edges_indices=tensor([ 5,  6, 19])
INFO : starting_node_index=14
INFO : edges_indices_prev=tensor([29, 35, 40, 41])
INFO : edges_indices=tensor([29, 35, 40, 41])
INFO : starting_node_index=9
INFO : edges_indices_prev=tensor([13, 14, 27])
INFO : edges_indices=tensor([13, 14, 27])
INFO : starting_node_index=11
INFO : edges_indices_prev=tensor([32, 33, 34])
INFO : edges_indices=tensor([32, 33, 34])
INFO : starting_node_index=12
INFO : edges_indices_prev=tensor([36, 37, 40, 41])
INFO : edges_indices=tensor([36, 37, 40, 41])
INFO : starting_node_index=13
INFO : edges_indices_prev=tensor([30, 31, 46, 49])
INFO : edges_indices=tensor([30, 31, 46, 49])
INFO : starting_node_index=14
INFO : edges_indices_prev=tensor([29, 35, 40, 41])
INFO : edges_indices=tensor([29, 35, 40, 41])
INFO : starting_node_index=10
INFO : edges_indices_prev=tensor([29, 38, 39, 42, 43, 44, 45, 47, 48])
INFO : edges_indices=tensor([29, 38, 39, 42, 43, 44, 45, 47, 48])
INFO : starting_node_index=5
INFO : edges_indices_prev=tensor([ 8, 22, 33])
INFO : edges_indices=tensor([ 8, 22, 33])
INFO : starting_node_index=12
INFO : edges_indices_prev=tensor([36, 37, 40, 41])
INFO : edges_indices=tensor([36, 37, 40, 41])
INFO : starting_node_index=3
INFO : edges_indices_prev=tensor([ 5,  6, 19])
INFO : edges_indices=tensor([ 5,  6, 19])
INFO : starting_node_index=14
INFO : edges_indices_prev=tensor([29, 35, 40, 41])
INFO : edges_indices=tensor([29, 35, 40, 41])
INFO : starting_node_index=9
INFO : edges_indices_prev=tensor([13, 14, 27])
INFO : edges_indices=tensor([13, 14, 27])
INFO : starting_node_index=5
INFO : edges_indices_prev=tensor([ 8, 22, 33])
INFO : edges_indices=tensor([ 8, 22, 33])
INFO : starting_node_index=12
INFO : edges_indices_prev=tensor([36, 37, 40, 41])
INFO : edges_indices=tensor([36, 37, 40, 41])
INFO : starting_node_index=3
INFO : edges_indices_prev=tensor([ 5,  6, 19])
INFO : edges_indices=tensor([ 5,  6, 19])
INFO : tensor(0.0020, grad_fn=<AddBackward0>)
INFO : 
Epoch n.10:
INFO : starting_node_index=10
INFO : edges_indices_prev=tensor([29, 38, 39, 42, 43, 44, 45, 47, 48])
INFO : edges_indices=tensor([29, 38, 39, 42, 43, 44, 45, 47, 48])
INFO : starting_node_index=5
INFO : edges_indices_prev=tensor([ 8, 22, 33])
INFO : edges_indices=tensor([ 8, 22, 33])
INFO : starting_node_index=12
INFO : edges_indices_prev=tensor([36, 37, 40, 41])
INFO : edges_indices=tensor([36, 37, 40, 41])
INFO : starting_node_index=3
INFO : edges_indices_prev=tensor([ 5,  6, 19])
INFO : edges_indices=tensor([ 5,  6, 19])
INFO : starting_node_index=14
INFO : edges_indices_prev=tensor([29, 35, 40, 41])
INFO : edges_indices=tensor([29, 35, 40, 41])
INFO : starting_node_index=9
INFO : edges_indices_prev=tensor([13, 14, 27])
INFO : edges_indices=tensor([13, 14, 27])
INFO : starting_node_index=11
INFO : edges_indices_prev=tensor([32, 33, 34])
INFO : edges_indices=tensor([32, 33, 34])
INFO : starting_node_index=12
INFO : edges_indices_prev=tensor([36, 37, 40, 41])
INFO : edges_indices=tensor([36, 37, 40, 41])
INFO : starting_node_index=13
INFO : edges_indices_prev=tensor([30, 31, 46, 49])
INFO : edges_indices=tensor([30, 31, 46, 49])
INFO : starting_node_index=14
INFO : edges_indices_prev=tensor([29, 35, 40, 41])
INFO : edges_indices=tensor([29, 35, 40, 41])
INFO : starting_node_index=10
INFO : edges_indices_prev=tensor([29, 38, 39, 42, 43, 44, 45, 47, 48])
INFO : edges_indices=tensor([29, 38, 39, 42, 43, 44, 45, 47, 48])
INFO : starting_node_index=5
INFO : edges_indices_prev=tensor([ 8, 22, 33])
INFO : edges_indices=tensor([ 8, 22, 33])
INFO : starting_node_index=12
INFO : edges_indices_prev=tensor([36, 37, 40, 41])
INFO : edges_indices=tensor([36, 37, 40, 41])
INFO : starting_node_index=3
INFO : edges_indices_prev=tensor([ 5,  6, 19])
INFO : edges_indices=tensor([ 5,  6, 19])
INFO : starting_node_index=14
INFO : edges_indices_prev=tensor([29, 35, 40, 41])
INFO : edges_indices=tensor([29, 35, 40, 41])
INFO : starting_node_index=9
INFO : edges_indices_prev=tensor([13, 14, 27])
INFO : edges_indices=tensor([13, 14, 27])
INFO : starting_node_index=5
INFO : edges_indices_prev=tensor([ 8, 22, 33])
INFO : edges_indices=tensor([ 8, 22, 33])
INFO : starting_node_index=12
INFO : edges_indices_prev=tensor([36, 37, 40, 41])
INFO : edges_indices=tensor([36, 37, 40, 41])
INFO : starting_node_index=3
INFO : edges_indices_prev=tensor([ 5,  6, 19])
INFO : edges_indices=tensor([ 5,  6, 19])
INFO : tensor(0.0018, grad_fn=<AddBackward0>)
