INFO : NumExpr defaulting to 8 threads.
INFO : wn_id=by.r.01
INFO : float32
INFO : wn_id=developed.a.01
INFO : float32
INFO : wn_id=developed.s.02
INFO : float32
INFO : wn_id=developed.s.03
INFO : float32
INFO : wn_id=game.n.01
INFO : float32
INFO : wn_id=game.n.02
INFO : float32
INFO : wn_id=game.n.03
INFO : float32
INFO : wn_id=game.n.04
INFO : float32
INFO : wn_id=game.n.05
INFO : float32
INFO : wn_id=game.n.06
INFO : float32
INFO : wn_id=game.n.07
INFO : float32
INFO : wn_id=game.n.09
INFO : float32
INFO : wn_id=game.n.10
INFO : float32
INFO : wn_id=game.n.11
INFO : float32
INFO : wn_id=game.s.02
INFO : float32
INFO : wn_id=in.r.01
INFO : float32
INFO : wn_id=in.s.01
INFO : float32
INFO : wn_id=in.s.02
INFO : float32
INFO : wn_id=in.s.03
INFO : float32
INFO : wn_id=no.a.01
INFO : float32
INFO : wn_id=no.n.01
INFO : float32
INFO : wn_id=no.r.01
INFO : float32
INFO : wn_id=no.r.02
INFO : float32
INFO : wn_id=no.r.03
INFO : float32
INFO : wn_id=outside.a.01
INFO : float32
INFO : wn_id=outside.n.01
INFO : float32
INFO : wn_id=outside.n.02
INFO : float32
INFO : wn_id=outside.r.01
INFO : float32
INFO : wn_id=outside.r.02
INFO : float32
INFO : wn_id=outside.s.03
INFO : float32
INFO : wn_id=outside.s.05
INFO : float32
INFO : wn_id=outside.s.06
INFO : float32
INFO : wn_id=outside.s.08
INFO : float32
INFO : wn_id=outside.s.09
INFO : float32
INFO : wn_id=playing.n.01
INFO : float32
INFO : wn_id=playing.n.02
INFO : float32
INFO : wn_id=role.n.04
INFO : float32
INFO : wn_id=same.a.01
INFO : float32
INFO : wn_id=same.a.02
INFO : float32
INFO : wn_id=same.s.04
INFO : float32
INFO : wn_id=series.n.01
INFO : float32
INFO : wn_id=series.n.03
INFO : float32
INFO : wn_id=series.n.04
INFO : float32
INFO : wn_id=series.n.05
INFO : float32
INFO : wn_id=series.n.06
INFO : float32
INFO : wn_id=series.n.07
INFO : float32
INFO : wn_id=tactical.a.01
INFO : float32
INFO : wn_id=third.n.03
INFO : float32
INFO : wn_id=third.n.04
INFO : float32
INFO : wn_id=third.r.01
INFO : float32
INFO : wn_id=third.s.01
INFO : float32
INFO : wn_id=video.n.01
INFO : float32
INFO : wn_id=video.n.03
INFO : float32
INFO : wn_id=for.Global.01
INFO : float32
INFO : wn_id=Sega.Global.01
INFO : float32
INFO : wn_id=Released.Global.01
INFO : float32
INFO : wn_id=Japanese.Global.01
INFO : float32
INFO : wn_id=).Global.01
INFO : float32
INFO : wn_id=of.Global.01
INFO : float32
INFO : wn_id=a.Global.01
INFO : float32
INFO : wn_id=Portable.Global.01
INFO : float32
INFO : wn_id=3.Global.01
INFO : float32
INFO : wn_id=,.Global.01
INFO : float32
INFO : wn_id=(.Global.01
INFO : float32
INFO : wn_id=Media.Vision.Global.01
INFO : float32
INFO : wn_id=2011.Global.01
INFO : float32
INFO : wn_id=the.Global.01
INFO : float32
INFO : wn_id=:.Global.01
INFO : float32
INFO : wn_id=it.Global.01
INFO : float32
INFO : wn_id=Valkyria.Global.01
INFO : float32
INFO : wn_id==.Global.01
INFO : float32
INFO : wn_id=commonly.Global.01
INFO : float32
INFO : wn_id=Chronicles.Global.01
INFO : float32
INFO : wn_id=lit.Global.01
INFO : float32
INFO : wn_id=..Global.01
INFO : float32
INFO : wn_id=PlayStation.Global.01
INFO : float32
INFO : wn_id=Battlefield.Global.01
INFO : float32
INFO : wn_id=as.Global.01
INFO : float32
INFO : wn_id=III.Global.01
INFO : float32
INFO : wn_id=<eos>.Global.01
INFO : float32
INFO : wn_id=is.Global.01
INFO : float32
INFO : wn_id=Senjō.Global.01
INFO : float32
INFO : wn_id=and.Global.01
INFO : float32
INFO : wn_id=to.Global.01
INFO : float32
INFO : wn_id=@-@.Global.01
INFO : float32
INFO : wn_id=戦場のヴァルキュリア3.Global.01
INFO : float32
INFO : wn_id=January.Global.01
INFO : float32
INFO : wn_id=<unk>.Global.01
INFO : float32
INFO : wn_id=Japan.Global.01
INFO : float32
INFO : wn_id=referred.Global.01
INFO : float32
INFO : Constructing X, matrix of node features
INFO : X_definitions.shape=torch.Size([28141, 300])
INFO : X_examples.shape=torch.Size([26593, 300])
INFO : X_senses.shape=torch.Size([90, 300])
INFO : X_globals.shape=torch.Size([33278, 300])
INFO : Defining the edges: def, exs
INFO : def_edges_se.__len__()=53
INFO : exs_edges_se.__len__()=72
INFO : Defining the edges: sc
INFO : sense_str= ..Global.01
