INFO : Data(edge_index=[2, 90328], edge_type=[90328], node_types=[71882], num_relations=[1], x=[71882, 300])
INFO : Graph-data object loaded, model initialized. Moving them to GPU device(s) if present.
INFO : Loading graphArea matrix, with area_size=32 from: Graph/nodes_32_graphArea_matrix.npy
INFO : NumExpr defaulting to 8 threads.
INFO : 
Training epoch n.1:
INFO : Preliminary: reading the dataset to determine the number of samples
INFO : Generator over subcorpus at TextCorpuses/ufsac-public-2.1/Training/semcor.xml
INFO : Generator over subcorpus at TextCorpuses/ufsac-public-2.1/Training/semcor.xml
INFO : torch.float32
INFO : torch.int64
INFO : torch.int64
INFO : ((tensor([[ 0.0024, -0.0314, -0.0011,  ...,  0.1654, -0.0094,  0.0121],
        [ 0.0024, -0.0295, -0.0009,  ...,  0.1660, -0.0094,  0.0123],
        [ 0.0027, -0.0295, -0.0009,  ...,  0.1667, -0.0091,  0.0122],
        ...,
        [ 0.0271, -0.0505, -0.0404,  ...,  0.3625, -0.0460, -0.0187],
        [-0.0418, -0.0098, -0.0015,  ...,  0.0750, -0.0232,  0.0046],
        [-0.0290, -0.0082, -0.0200,  ...,  0.1225, -0.0267,  0.0006]]), tensor([[12., 14.,  9.,  1., 27., 29., 26., 28., 13., 11., 10.,  2.,  3.,  3.,
          3.,  3., 19., 19.,  8.,  8.,  8.,  7.,  7.,  7.,  7.,  3.,  7., 19.,
         19., 19., 19., 19., 19., 19., 19., 19.,  7., 19., 19., 25.,  8., 21.,
          7., 20.,  7.,  3.,  8.,  8.,  7., -1., -1., -1., -1., -1., -1., -1.,
         -1.],
        [ 5.,  6.,  4.,  0., 16., 18., 15., 17.,  5.,  4.,  4.,  0.,  5.,  6.,
          4.,  0., 30., 31., 23., 24., 22., 16., 18., 15., 17.,  7.,  3., 19.,
         19., 19., 19., 19., 19., 19., 19.,  7., 19., 19., 19.,  8., 25.,  7.,
         21.,  7., 20.,  8.,  3.,  7.,  8., -1., -1., -1., -1., -1., -1., -1.,
         -1.]]), tensor([ 0.,  0.,  0.,  0.,  0.,  0.,  0.,  0.,  1.,  1.,  1.,  1.,  2.,  2.,
         2.,  2.,  2.,  2.,  2.,  2.,  2.,  2.,  2.,  2.,  2.,  3.,  3.,  3.,
         3.,  3.,  3.,  3.,  3.,  3.,  3.,  3.,  3.,  3.,  3.,  3.,  3.,  3.,
         3.,  3.,  3.,  4.,  4.,  4.,  4., -1., -1., -1., -1., -1., -1., -1.,
        -1.])), (15, 8080))
INFO : ((tensor([[-0.0010, -0.0408,  0.0012,  ...,  0.1540, -0.0083,  0.0012],
        [-0.0010, -0.0407,  0.0012,  ...,  0.1539, -0.0082,  0.0013],
        [-0.0009, -0.0408,  0.0012,  ...,  0.1540, -0.0082,  0.0013],
        ...,
        [ 0.0306,  0.0191, -0.0446,  ...,  0.0655,  0.0295,  0.0081],
        [-0.0499, -0.0143, -0.0017,  ...,  0.0410,  0.0404,  0.0215],
        [-0.0121, -0.1334,  0.0169,  ...,  0.2029, -0.0044,  0.0084]]), tensor([[ 1., 12., 11.,  9.,  8., 24., 28., 31., 22., 23., 26., 10., 25., 29.,
         30., 27.,  2.,  2.,  2.,  2.,  2.,  7.,  7.,  7.,  7.,  7.,  7.,  2.,
          2.,  2.,  7.,  2.,  2.,  2.,  2.,  2.,  2.,  2.,  2.,  7.,  7.,  7.,
          7.,  7., 19.,  7.,  7.,  7.,  7.,  7.,  7.,  7.,  7., 21.,  7., 20.,
          7.],
        [ 0.,  6.,  5.,  4.,  3., 15., 17., 18., 13., 14., 16.,  4., 15., 17.,
         17., 16.,  0.,  6.,  5.,  4.,  3., 15., 17., 18., 13., 14., 16.,  2.,
          2.,  7.,  2.,  2.,  2.,  2.,  2.,  2.,  2.,  2.,  2.,  7.,  7.,  7.,
          7., 19.,  7.,  7.,  7.,  7.,  7.,  7.,  7.,  7.,  7.,  7., 21.,  7.,
         20.]]), tensor([0., 0., 0., 0., 0., 0., 0., 0., 0., 0., 0., 1., 1., 1., 1., 1., 2., 2.,
        2., 2., 2., 2., 2., 2., 2., 2., 2., 3., 3., 3., 3., 3., 3., 3., 3., 3.,
        3., 3., 3., 3., 3., 3., 3., 3., 3., 3., 3., 3., 3., 3., 3., 3., 3., 3.,
        3., 3., 3.])), (656, 16309))
