INFO : Organizing subcorpus at: TextCorpuses/My Sense-Labeled Corpus/semcor.xml
INFO : The corpus at TextCorpuses/My Sense-Labeled Corpus/semcor.xml has 352 documents
INFO : Training dataset will contain: 281 documents , Validation dataset will contain: 35 documents , Test dataset will contain: 36 documents
INFO : Writing train_root ElementTree to XML file...
INFO : Writing valid_root ElementTree to XML file...
INFO : Writing test_root ElementTree to XML file...
INFO : Organizing subcorpus at: TextCorpuses/My Sense-Labeled Corpus/masc.xml
INFO : The corpus at TextCorpuses/My Sense-Labeled Corpus/masc.xml has 1 documents
INFO : Training dataset will contain: 25407 sentences , Validation dataset will contain: 3176 sentences , Test dataset will contain: 3176 sentences
INFO : Writing train_root ElementTree to XML file...
INFO : Writing valid_root ElementTree to XML file...
INFO : Writing test_root ElementTree to XML file...
INFO : Organizing subcorpus at: TextCorpuses/My Sense-Labeled Corpus/subset_omsti_aa.xml
INFO : The corpus at TextCorpuses/My Sense-Labeled Corpus/subset_omsti_aa.xml has 1 documents
INFO : Training dataset will contain: 83703 sentences , Validation dataset will contain: 10463 sentences , Test dataset will contain: 10463 sentences
INFO : Writing train_root ElementTree to XML file...
INFO : Writing valid_root ElementTree to XML file...
INFO : Writing test_root ElementTree to XML file...
INFO : *** Creating vocabulary at Vocabulary/vocabulary_of_globals.h5
INFO : Generator over subcorpus at TextCorpuses/My Sense-Labeled Corpus/Training/masc.xml
INFO : Generator over subcorpus at TextCorpuses/My Sense-Labeled Corpus/Training/semcor.xml
INFO : Generator over subcorpus at TextCorpuses/My Sense-Labeled Corpus/Training/subset_omsti_aa.xml
INFO : Removing from the vocabulary words with frequency < 2
INFO : *** The vocabulary was created. Number of words= 54937***
INFO : loading 2000000 words for fastText model from WordEmbeddings/cc.en.300.bin
INFO : resetting layer weights
INFO : Updating model with new vocabulary
INFO : New added 2000000 unique words (50% of original 4000000) and increased the count of 2000000 pre-existing words (50% of original 4000000)
INFO : deleting the raw counts dictionary of 2000000 items
INFO : sample=1e-05 downsamples 6996 most-common words
INFO : downsampling leaves estimated 390315457935 word corpus (70.7% of prior 552001338161)
INFO : loaded (4000000, 300) weight matrix for fastText model from WordEmbeddings/cc.en.300.bin
WARNING : could not extract any ngrams from '+5', returning origin vector
WARNING : could not extract any ngrams from '/3', returning origin vector
WARNING : could not extract any ngrams from '|r', returning origin vector
WARNING : could not extract any ngrams from '|c', returning origin vector
WARNING : could not extract any ngrams from '\\q', returning origin vector
WARNING : could not extract any ngrams from '/1', returning origin vector
WARNING : could not extract any ngrams from '/2', returning origin vector
WARNING : could not extract any ngrams from '|a', returning origin vector
WARNING : could not extract any ngrams from '**', returning origin vector
WARNING : could not extract any ngrams from '//', returning origin vector
WARNING : could not extract any ngrams from '/8', returning origin vector
WARNING : could not extract any ngrams from "O'", returning origin vector
WARNING : could not extract any ngrams from '2+', returning origin vector
WARNING : could not extract any ngrams from 'A*', returning origin vector
INFO : Computed the single-prototype embeddings for the vocabulary tokens, at: InputData/SinglePrototypes_withFastText.npy
INFO : 0
INFO : Retrieving WordNet senses data for word: have - n.100
INFO : Retrieving WordNet senses data for word: Mr. - n.200
INFO : Retrieving WordNet senses data for word: what - n.300
INFO : Retrieving WordNet senses data for word: undressed - n.400
INFO : Retrieving WordNet senses data for word: Record - n.500
INFO : Retrieving WordNet senses data for word: valid - n.600
INFO : Retrieving WordNet senses data for word: abundant - n.700
INFO : Retrieving WordNet senses data for word: hope - n.800
INFO : Retrieving WordNet senses data for word: usually - n.900
INFO : Retrieving WordNet senses data for word: fast - n.1000
INFO : Retrieving WordNet senses data for word: consistent - n.1100
INFO : Retrieving WordNet senses data for word: Pa - n.1200
INFO : Retrieving WordNet senses data for word: member - n.1300
INFO : Retrieving WordNet senses data for word: Was - n.1400
INFO : Retrieving WordNet senses data for word: Beyond - n.1500
INFO : Retrieving WordNet senses data for word: needed - n.1600
INFO : Retrieving WordNet senses data for word: Essentially - n.1700
INFO : Retrieving WordNet senses data for word: pressure - n.1800
INFO : Retrieving WordNet senses data for word: Has - n.1900
INFO : Retrieving WordNet senses data for word: basic - n.2000
INFO : Retrieving WordNet senses data for word: strongly - n.2100
INFO : Retrieving WordNet senses data for word: 9:30 - n.2200
INFO : Retrieving WordNet senses data for word: 1710 - n.2300
INFO : Retrieving WordNet senses data for word: claim - n.2400
INFO : Retrieving WordNet senses data for word: draws - n.2500
INFO : Retrieving WordNet senses data for word: demand - n.2600
INFO : Retrieving WordNet senses data for word: harms - n.2700
INFO : Retrieving WordNet senses data for word: actors - n.2800
INFO : Retrieving WordNet senses data for word: implicitly - n.2900
INFO : Retrieving WordNet senses data for word: absolute - n.3000
INFO : Retrieving WordNet senses data for word: loving - n.3100
INFO : Retrieving WordNet senses data for word: Arabia - n.3200
INFO : Retrieving WordNet senses data for word: pleased - n.3300
INFO : Retrieving WordNet senses data for word: atrocity - n.3400
INFO : Retrieving WordNet senses data for word: investing - n.3500
INFO : Retrieving WordNet senses data for word: prejudice - n.3600
INFO : Retrieving WordNet senses data for word: respectful - n.3700
INFO : Retrieving WordNet senses data for word: warranted - n.3800
INFO : Retrieving WordNet senses data for word: measured - n.3900
INFO : Retrieving WordNet senses data for word: consequences - n.4000
INFO : Retrieving WordNet senses data for word: west - n.4100
INFO : Retrieving WordNet senses data for word: choices - n.4200
INFO : Retrieving WordNet senses data for word: waging - n.4300
INFO : Retrieving WordNet senses data for word: Children - n.4400
INFO : Retrieving WordNet senses data for word: experts - n.4500
INFO : Retrieving WordNet senses data for word: inaugural - n.4600
INFO : Retrieving WordNet senses data for word: federally - n.4700
INFO : Retrieving WordNet senses data for word: Under - n.4800
INFO : Retrieving WordNet senses data for word: relieve - n.4900
INFO : Retrieving WordNet senses data for word: hurt - n.5000
INFO : Retrieving WordNet senses data for word: Election - n.5100
INFO : Retrieving WordNet senses data for word: merges - n.5200
INFO : Retrieving WordNet senses data for word: merge - n.5300
INFO : Retrieving WordNet senses data for word: Discourse - n.5400
INFO : Retrieving WordNet senses data for word: File - n.5500
INFO : Retrieving WordNet senses data for word: crashed - n.5600
INFO : Retrieving WordNet senses data for word: ROVER - n.5700
INFO : Retrieving WordNet senses data for word: cookies - n.5800
INFO : Retrieving WordNet senses data for word: Polk - n.5900
INFO : Retrieving WordNet senses data for word: TX - n.6000
INFO : Retrieving WordNet senses data for word: murders - n.6100
INFO : Retrieving WordNet senses data for word: sun - n.6200
INFO : Retrieving WordNet senses data for word: Object - n.6300
