07/31/2019 01:23:11 PM -INFO : [{'id': 'bn:03328519n', 'pos': 'NOUN', 'source': 'BABELNET'}, {'id': 'bn:08090784n', 'pos': 'NOUN', 'source': 'BABELNET'}, {'id': 'bn:03864854n', 'pos': 'NOUN', 'source': 'BABELNET'}, {'id': 'bn:00089620v', 'pos': 'VERB', 'source': 'BABELNET'}, {'id': 'bn:00570329n', 'pos': 'NOUN', 'source': 'BABELNET'}, {'id': 'bn:00091694v', 'pos': 'VERB', 'source': 'BABELNET'}, {'id': 'bn:16262198n', 'pos': 'NOUN', 'source': 'BABELNET'}, {'id': 'bn:00085671v', 'pos': 'VERB', 'source': 'BABELNET'}, {'id': 'bn:16359676n', 'pos': 'NOUN', 'source': 'BABELNET'}, {'id': 'bn:00035324n', 'pos': 'NOUN', 'source': 'BABELNET'}, {'id': 'bn:00062801n', 'pos': 'NOUN', 'source': 'BABELNET'}, {'id': 'bn:00087554v', 'pos': 'VERB', 'source': 'BABELNET'}, {'id': 'bn:00091693v', 'pos': 'VERB', 'source': 'BABELNET'}, {'id': 'bn:00091692v', 'pos': 'VERB', 'source': 'BABELNET'}, {'id': 'bn:00087732v', 'pos': 'VERB', 'source': 'BABELNET'}, {'id': 'bn:00046568n', 'pos': 'NOUN', 'source': 'BABELNET'}, {'id': 'bn:00062800n', 'pos': 'NOUN', 'source': 'BABELNET'}, {'id': 'bn:00006491n', 'pos': 'NOUN', 'source': 'BABELNET'}, {'id': 'bn:02476200n', 'pos': 'NOUN', 'source': 'BABELNET'}, {'id': 'bn:00032675n', 'pos': 'NOUN', 'source': 'BABELNET'}, {'id': 'bn:00071073n', 'pos': 'NOUN', 'source': 'BABELNET'}, {'id': 'bn:11393020n', 'pos': 'NOUN', 'source': 'BABELNET'}]
07/31/2019 01:23:11 PM -INFO : bn:03328519n
07/31/2019 01:23:11 PM -INFO : No WordNet senses. Ignoring.
07/31/2019 01:23:11 PM -INFO : []
07/31/2019 01:23:11 PM -INFO : bn:08090784n
07/31/2019 01:23:12 PM -INFO : No WordNet senses. Ignoring.
07/31/2019 01:23:12 PM -INFO : []
07/31/2019 01:23:12 PM -INFO : bn:03864854n
07/31/2019 01:23:12 PM -INFO : No WordNet senses. Ignoring.
07/31/2019 01:23:12 PM -INFO : []
07/31/2019 01:23:12 PM -INFO : bn:00089620v
07/31/2019 01:23:12 PM -INFO : ['plant', 'implant']
07/31/2019 01:23:12 PM -INFO : [('Put firmly in the mind', 'WN')]
07/31/2019 01:23:12 PM -INFO : bn:00570329n
07/31/2019 01:23:12 PM -INFO : No WordNet senses. Ignoring.
07/31/2019 01:23:12 PM -INFO : []
07/31/2019 01:23:12 PM -INFO : bn:00091694v
07/31/2019 01:23:12 PM -INFO : ['plant']
07/31/2019 01:23:12 PM -INFO : [('Place something or someone in a certain position in order to secretly observe or deceive', 'WN')]
07/31/2019 01:23:12 PM -INFO : bn:16262198n
07/31/2019 01:23:12 PM -INFO : No WordNet senses. Ignoring.
07/31/2019 01:23:12 PM -INFO : []
07/31/2019 01:23:12 PM -INFO : bn:00085671v
07/31/2019 01:23:12 PM -INFO : ['establish', 'found', 'plant', 'constitute', 'institute', 'constitute', 'establish', 'found', 'institute', 'plant', 'found']
07/31/2019 01:23:12 PM -INFO : [('Set up or lay the groundwork for', 'WN')]
07/31/2019 01:23:12 PM -INFO : bn:16359676n
07/31/2019 01:23:12 PM -INFO : No WordNet senses. Ignoring.
07/31/2019 01:23:12 PM -INFO : []
07/31/2019 01:23:12 PM -INFO : bn:00035324n
07/31/2019 01:23:13 PM -INFO : ['plant', 'flora', 'plant_life', 'flora', 'plant', 'flora', 'green_plant', 'green_plant', 'green_plants', 'plant', 'Plantae', 'plants', 'flora', 'flora', 'plant', 'plant_life', 'plant_species', 'vegetation', 'flora', 'plant', 'vegetable_kingdom', 'vegetation', 'Plants', 'Antigens,_plant', 'External_factors_plant', 'Florae', 'Floras', 'Floræ', 'Green_plant', 'Green_plants', 'Kingdom_Vegetable', 'Mazonipterus', 'Metaphyta', 'Phyto', 'plant', 'Plant_life', 'Plant_species', 'Planted', 'Planter', 'Planters', 'Plantes', 'planting', 'Plants', 'Plantæ', 'Platn', 'Reed', 'Simple_plants', 'Vegetabilia', 'Vegetable_kingdom', 'Flora', 'Plant', 'Plant']
07/31/2019 01:23:13 PM -INFO : [('(botany) a living organism lacking the power of locomotion', 'WN'), ('Plants are mainly multicellular, predominantly photosynthetic eukaryotes of the kingdom Plantae.', 'WIKI'), ('Flora is the plant life occurring in a particular region or time, generally the naturally occurring or indigenous—native plant life.', 'WIKI')]
07/31/2019 01:23:13 PM -INFO : bn:00062801n
07/31/2019 01:23:13 PM -INFO : ['plant']
07/31/2019 01:23:13 PM -INFO : [('Something planted secretly for discovery by another', 'WN')]
07/31/2019 01:23:13 PM -INFO : bn:00087554v
07/31/2019 01:23:14 PM -INFO : ['implant', 'engraft', 'embed', 'imbed', 'plant', 'embed', 'engraft', 'imbed', 'implant', 'plant', 'implant', 'embed', 'implant']
07/31/2019 01:23:14 PM -INFO : [('Fix or set securely or deeply', 'WN')]
07/31/2019 01:23:14 PM -INFO : bn:00091693v
07/31/2019 01:23:14 PM -INFO : ['plant']
07/31/2019 01:23:14 PM -INFO : [('Place into a river', 'WN')]
07/31/2019 01:23:14 PM -INFO : bn:00091692v
07/31/2019 01:23:14 PM -INFO : ['plant', 'set', 'set']
07/31/2019 01:23:14 PM -INFO : [('Put or set (seeds, seedlings, or plants) into the ground', 'WN')]
07/31/2019 01:23:14 PM -INFO : bn:00087732v
07/31/2019 01:23:14 PM -INFO : ['establish', 'set_up', 'found', 'launch', 'constitute', 'establish', 'found', 'institute', 'plant', 'set_up', 'launch', 'set_up']
07/31/2019 01:23:14 PM -INFO : [('Set up or found', 'WN')]
07/31/2019 01:23:14 PM -INFO : bn:00046568n
07/31/2019 01:23:14 PM -INFO : ['plant', 'works', 'industrial_plant', 'physical_plant', 'physical_plant', 'industrial_plant', 'industrial_plant', 'plant', 'whole', 'Industrial_plant', 'industrial_plant', 'Mechanical_plant', 'Plant_operations', 'Plant_ops', 'Transmitter_plant']
07/31/2019 01:23:14 PM -INFO : [('Buildings for carrying on industrial labor', 'WN'), ('Physical plant, mechanical plant or industrial plant refers to the necessary infrastructure used in operation and maintenance of a given facility.', 'WIKI')]
07/31/2019 01:23:14 PM -INFO : bn:00062800n
07/31/2019 01:23:14 PM -INFO : ['plant']
07/31/2019 01:23:14 PM -INFO : [('An actor situated in the audience whose acting is rehearsed but seems spontaneous to the audience', 'WN')]
07/31/2019 01:23:14 PM -INFO : bn:00006491n
07/31/2019 01:23:14 PM -INFO : ['production_line', 'assembly_line', 'line', 'assembly_line', 'production_line', 'assembly_line', 'plant', 'processing_line', 'processing_plant', 'production_line', 'production_line', 'assembly_line', 'Assembly-line', 'Assembly_Line', 'Assembly_lines', 'Assembly_process', 'Detailed_division_of_labor', 'History_of_assembly_lines', 'History_of_the_assembly_line', 'Production-line', 'Production_Line', 'Production_lines']
07/31/2019 01:23:14 PM -INFO : [('Mechanical system in a factory whereby an article is conveyed through sites at which successive operations are performed on it', 'WN'), ('A production line is a set of sequential operations established in a factory where materials are put through a refining process to produce an end-product that is suitable for onward consumption; or components are assembled to make a finished article.', 'WIKI'), ('An assembly line is a manufacturing process in which parts are added as the semi-finished assembly moves from workstation to workstation where the parts are added in sequence until the final assembly is produced.', 'WIKI')]
07/31/2019 01:23:14 PM -INFO : bn:02476200n
07/31/2019 01:23:14 PM -INFO : Named Entity. Ignoring.
07/31/2019 01:23:14 PM -INFO : []
07/31/2019 01:23:14 PM -INFO : bn:00032675n
07/31/2019 01:23:15 PM -INFO : ['factory', 'mill', 'manufacturing_plant', 'manufactory', 'factory', 'factory', 'manufactory', 'manufacturing_plant', 'factory', 'factory', 'manufactory', 'manufacturing_plant', 'mill', 'plant', 'factory', 'mill', 'Factories', 'Factory_employment', 'Factory_mills', 'Factory_worker', 'Factory_workers', 'Manufactories', 'Manufactory', 'Manufacturing_plant', 'Manufacturing_plants', '⛭', '🏭', '👨\u200d🏭', '👨🏻\u200d🏭', '👨🏼\u200d🏭', '👨🏽\u200d🏭', '👨🏾\u200d🏭', '👨🏿\u200d🏭', '👩\u200d🏭', '👩🏻\u200d🏭', '👩🏼\u200d🏭', '👩🏽\u200d🏭', '👩🏾\u200d🏭', '👩🏿\u200d🏭', 'Factory']
07/31/2019 01:23:15 PM -INFO : [('A plant consisting of one or more buildings with facilities for manufacturing', 'WN'), ('A factory or manufacturing plant is an industrial site, usually consisting of buildings and machinery, or more commonly a complex having several buildings, where workers manufacture goods or operate machines processing one product into another.', 'WIKI')]
07/31/2019 01:23:15 PM -INFO : bn:00071073n
07/31/2019 01:23:15 PM -INFO : ['shill', 'shill', 'Shill', 'shill', 'shill', 'House_player', 'Paid_basher', 'Secretly_paid', 'Shill_bidding', 'Shills', 'Will_the_Shill', 'Plant']
07/31/2019 01:23:15 PM -INFO : [('A decoy who acts as an enthusiastic customer in order to stimulate the participation of others', 'WN'), ('A shill, also called a plant or a stooge, is a person who publicly helps or gives credibility to a person or organization without disclosing that they have a close relationship with the person or organization.', 'WIKI')]
07/31/2019 01:23:15 PM -INFO : bn:11393020n
07/31/2019 01:23:15 PM -INFO : Named Entity. Ignoring.
07/31/2019 01:23:15 PM -INFO : []
