INFO : Match not found between wn_def='having great (or a certain) extent from one side to the other' in bn_def_ls=['having ample fabric']
INFO : Match not found between wn_def='having great (or a certain) extent from one side to the other' in bn_def_ls=['to the fullest extent possible']
INFO : Match not found between wn_def='having great (or a certain) extent from one side to the other' in bn_def_ls=['with or by a broad space']
INFO : Match not found between wn_def='having great (or a certain) extent from one side to the other' in bn_def_ls=['great in degree']
INFO : Match not found between wn_def='having great (or a certain) extent from one side to the other' in bn_def_ls=['to or over a great extent or range far']
INFO : Match not found between wn_def='having great (or a certain) extent from one side to the other' in bn_def_ls=['used of eyes fully open or extended']
INFO : Match not found between wn_def='having great (or a certain) extent from one side to the other' in bn_def_ls=['very large in expanse or scope', 'very large in expanse or scope']
INFO : Match not found between wn_def='having great (or a certain) extent from one side to the other' in bn_def_ls=['far from the intended target']
INFO : Match not found between wn_def='having great (or a certain) extent from one side to the other' in bn_def_ls=['not on target']
INFO : Match not found between wn_def='having great (or a certain) extent from one side to the other' in bn_def_ls=['broad in scope or content tgwinner', 'broad in scope or content affecting every part of a situation']
INFO : Match found for wn_def='having great (or a certain) extent from one side to the other' at bn_id=bn:00098887a
INFO : Match not found between wn_def='broad in scope or content' in bn_def_ls=['having ample fabric']
INFO : Match not found between wn_def='broad in scope or content' in bn_def_ls=['to the fullest extent possible']
INFO : Match not found between wn_def='broad in scope or content' in bn_def_ls=['with or by a broad space']
INFO : Match not found between wn_def='broad in scope or content' in bn_def_ls=['great in degree']
INFO : Match not found between wn_def='broad in scope or content' in bn_def_ls=['to or over a great extent or range far']
INFO : Match not found between wn_def='broad in scope or content' in bn_def_ls=['used of eyes fully open or extended']
INFO : Match not found between wn_def='broad in scope or content' in bn_def_ls=['very large in expanse or scope', 'very large in expanse or scope']
INFO : Match not found between wn_def='broad in scope or content' in bn_def_ls=['far from the intended target']
INFO : Match not found between wn_def='broad in scope or content' in bn_def_ls=['not on target']
INFO : Match not found between wn_def='broad in scope or content' in bn_def_ls=['broad in scope or content tgwinner', 'broad in scope or content affecting every part of a situation']
INFO : Match not found between wn_def='broad in scope or content' in bn_def_ls=['having great or a certain extent from one side to the other', 'having a long distance or area between two points especially horizontally']
INFO : Match not found between wn_def='(used of eyes) fully open or extended' in bn_def_ls=['having ample fabric']
INFO : Match not found between wn_def='(used of eyes) fully open or extended' in bn_def_ls=['to the fullest extent possible']
INFO : Match not found between wn_def='(used of eyes) fully open or extended' in bn_def_ls=['with or by a broad space']
INFO : Match not found between wn_def='(used of eyes) fully open or extended' in bn_def_ls=['great in degree']
INFO : Match not found between wn_def='(used of eyes) fully open or extended' in bn_def_ls=['to or over a great extent or range far']
INFO : Match found for wn_def='(used of eyes) fully open or extended' at bn_id=bn:00113858a
INFO : Match not found between wn_def='very large in expanse or scope' in bn_def_ls=['having ample fabric']
INFO : Match not found between wn_def='very large in expanse or scope' in bn_def_ls=['to the fullest extent possible']
INFO : Match not found between wn_def='very large in expanse or scope' in bn_def_ls=['with or by a broad space']
INFO : Match not found between wn_def='very large in expanse or scope' in bn_def_ls=['great in degree']
INFO : Match not found between wn_def='very large in expanse or scope' in bn_def_ls=['to or over a great extent or range far']
INFO : Match not found between wn_def='very large in expanse or scope' in bn_def_ls=['used of eyes fully open or extended']
INFO : Match found for wn_def='very large in expanse or scope' at bn_id=bn:00098891a
INFO : Match not found between wn_def='great in degree' in bn_def_ls=['having ample fabric']
INFO : Match not found between wn_def='great in degree' in bn_def_ls=['to the fullest extent possible']
INFO : Match not found between wn_def='great in degree' in bn_def_ls=['with or by a broad space']
INFO : Match found for wn_def='great in degree' at bn_id=bn:00113859a
INFO : Match found for wn_def='having ample fabric' at bn_id=bn:00103396a
INFO : Match not found between wn_def='not on target' in bn_def_ls=['having ample fabric']
INFO : Match not found between wn_def='not on target' in bn_def_ls=['to the fullest extent possible']
INFO : Match not found between wn_def='not on target' in bn_def_ls=['with or by a broad space']
INFO : Match not found between wn_def='not on target' in bn_def_ls=['great in degree']
INFO : Match not found between wn_def='not on target' in bn_def_ls=['to or over a great extent or range far']
INFO : Match not found between wn_def='not on target' in bn_def_ls=['used of eyes fully open or extended']
INFO : Match not found between wn_def='not on target' in bn_def_ls=['very large in expanse or scope', 'very large in expanse or scope']
INFO : Match not found between wn_def='not on target' in bn_def_ls=['far from the intended target']
INFO : Match found for wn_def='not on target' at bn_id=bn:00113860a
INFO : Match not found between wn_def='with or by a broad space' in bn_def_ls=['having ample fabric']
INFO : Match not found between wn_def='with or by a broad space' in bn_def_ls=['to the fullest extent possible']
INFO : Match found for wn_def='with or by a broad space' at bn_id=bn:00117622r
INFO : Match not found between wn_def='to the fullest extent possible' in bn_def_ls=['having ample fabric']
INFO : Match found for wn_def='to the fullest extent possible' at bn_id=bn:00117623r
INFO : Match not found between wn_def='far from the intended target' in bn_def_ls=['having ample fabric']
INFO : Match not found between wn_def='far from the intended target' in bn_def_ls=['to the fullest extent possible']
INFO : Match not found between wn_def='far from the intended target' in bn_def_ls=['with or by a broad space']
INFO : Match not found between wn_def='far from the intended target' in bn_def_ls=['great in degree']
INFO : Match not found between wn_def='far from the intended target' in bn_def_ls=['to or over a great extent or range far']
INFO : Match not found between wn_def='far from the intended target' in bn_def_ls=['used of eyes fully open or extended']
INFO : Match not found between wn_def='far from the intended target' in bn_def_ls=['very large in expanse or scope', 'very large in expanse or scope']
INFO : Match found for wn_def='far from the intended target' at bn_id=bn:00114394r
INFO : Match not found between wn_def='to or over a great extent or range; far' in bn_def_ls=['having ample fabric']
INFO : Match not found between wn_def='to or over a great extent or range; far' in bn_def_ls=['to the fullest extent possible']
INFO : Match not found between wn_def='to or over a great extent or range; far' in bn_def_ls=['with or by a broad space']
INFO : Match not found between wn_def='to or over a great extent or range; far' in bn_def_ls=['great in degree']
INFO : Match found for wn_def='to or over a great extent or range; far' at bn_id=bn:00117624r
