INFO : high
INFO : summer temperatures reached an all-time high
INFO : summer temperatures reached an all-time high
INFO : ['summer', 'temperatures', 'reached', 'all-time', 'high']
INFO : high
INFO : the east coast benefits from a Bermuda high
INFO : the east coast benefits from a Bermuda high
INFO : ['east', 'coast', 'benefits', 'bermuda', 'high']
INFO : high
INFO : I'm on a permanent high these days
INFO : Im on a permanent high these days
INFO : ['im', 'permanent', 'high', 'days']
INFO : high
INFO : they took drugs to get a high on
INFO : they took drugs to get a high on
INFO : ['took', 'drugs', 'get', 'high']
INFO : high
INFO : they stood on high and observed the countryside
INFO : they stood on high and observed the countryside
INFO : ['stood', 'high', 'observed', 'countryside']
INFO : high
INFO : he doesn't like heights
INFO : he doesnt like heights
INFO : ['doesnt', 'like', 'heights']
INFO : high
INFO : he goes to the neighborhood highschool
INFO : he goes to the neighborhood highschool
INFO : ['goes', 'neighborhood', 'highschool']
INFO : high
INFO : a high temperature
INFO : a high temperature
INFO : ['high', 'temperature']
INFO : high
INFO : a high price
INFO : a high price
INFO : ['high', 'price']
INFO : high
INFO : the high point of his career
INFO : the high point of his career
INFO : ['high', 'point', 'career']
INFO : high
INFO : high risks
INFO : high risks
INFO : ['high', 'risks']
INFO : high
INFO : has high hopes
INFO : has high hopes
INFO : ['high', 'hopes']
INFO : high
INFO : the river is high
INFO : the river is high
INFO : ['river', 'high']
INFO : high
INFO : he has a high opinion of himself
INFO : he has a high opinion of himself
INFO : ['high', 'opinion']
INFO : high
INFO : a high mountain
INFO : a high mountain
INFO : ['high', 'mountain']
INFO : high
INFO : high ceilings
INFO : high ceilings
INFO : ['high', 'ceilings']
INFO : high
INFO : high buildings
INFO : high buildings
INFO : ['high', 'buildings']
INFO : high
INFO : a high forehead
INFO : a high forehead
INFO : ['high', 'forehead']
INFO : high
INFO : a high incline
INFO : a high incline
INFO : ['high', 'incline']
INFO : high
INFO : a foot high
INFO : a foot high
INFO : ['foot', 'high']
INFO : high
INFO : people in high places
INFO : people in high places
INFO : ['people', 'high', 'places']
INFO : high
INFO : the high priest
INFO : the high priest
INFO : ['high', 'priest']
INFO : high
INFO : eminent members of the community
INFO : eminent members of the community
INFO : ['eminent', 'members', 'community']
INFO : high
INFO : he climbed high on the ladder
INFO : he climbed high on the ladder
INFO : ['climbed', 'high', 'ladder']
INFO : high
INFO : prices have gone up far too high
INFO : prices have gone up far too high
INFO : ['prices', 'gone', 'far', 'high']
INFO : high
INFO : he lives high
INFO : he lives high
INFO : ['lives', 'high']
INFO : high
INFO : he lives high up the river
INFO : he lives high up the river
INFO : ['lives', 'high', 'river']
INFO : high
INFO : The balloon rose high in the sky.   The wall was high.   a high mountain
INFO : The balloon rose high in the sky   The wall was high   a high mountain
INFO : ['balloon', 'rose', 'high', 'sky', 'wall', 'high', 'high', 'mountain']
INFO : high
INFO : The Chitistone River Valley offers a more direct route for travel from McCarthy to the White River and the Shushana gold placers than Skolai Creek, but it involves a high climb over the so-called “goat trail” to avoid the canyon above Chitistone[.]
INFO : The Chitistone River Valley offers a more direct route for travel from McCarthy to the White River and the Shushana gold placers than Skolai Creek but it involves a high climb over the so-called “goat trail” to avoid the canyon above Chitistone
INFO : ['chitistone', 'river', 'valley', 'offers', 'direct', 'route', 'travel', 'mccarthy', 'white', 'river', 'shushana', 'gold', 'placers', 'skolai', 'creek', 'involves', 'high', 'climb', 'so-called', '“', 'goat', 'trail', '”', 'avoid', 'canyon', 'chitistone']
INFO : high
INFO : Like most human activities, ballooning has sponsored heroes and hucksters and a good deal in between. For every dedicated scientist patiently recording atmospheric pressure and wind speed while shivering at high altitudes, there is a carnival barker with a bevy of pretty girls willing to dangle from a basket or parachute down to earth.
INFO : Like most human activities ballooning has sponsored heroes and hucksters and a good deal in between For every dedicated scientist patiently recording atmospheric pressure and wind speed while shivering at high altitudes there is a carnival barker with a bevy of pretty girls willing to dangle from a basket or parachute down to earth
INFO : ['like', 'human', 'activities', 'ballooning', 'sponsored', 'heroes', 'hucksters', 'good', 'deal', 'every', 'dedicated', 'scientist', 'patiently', 'recording', 'atmospheric', 'pressure', 'wind', 'speed', 'shivering', 'high', 'altitudes', 'carnival', 'barker', 'bevy', 'pretty', 'girls', 'willing', 'dangle', 'basket', 'parachute', 'earth']
INFO : high
INFO : the pitch  was high
INFO : the pitch  was high
INFO : ['pitch', 'high']
INFO : high
INFO : She was like a Beardsley Salome, he had said. And indeed she had the narrow eyes and the high cheekbone of that creature, and as nearly the sinuosity as is compatible with human symmetry. His wooing had been brief but incisive.
INFO : She was like a Beardsley Salome he had said And indeed she had the narrow eyes and the high cheekbone of that creature and as nearly the sinuosity as is compatible with human symmetry His wooing had been brief but incisive
INFO : ['like', 'beardsley', 'salome', 'said', 'indeed', 'narrow', 'eyes', 'high', 'cheekbone', 'creature', 'nearly', 'sinuosity', 'compatible', 'human', 'symmetry', 'wooing', 'brief', 'incisive']
INFO : high
INFO : A nightgown with a high neck and long sleeves may have the fullness set into a yoke.
INFO : A nightgown with a high neck and long sleeves may have the fullness set into a yoke
INFO : ['nightgown', 'high', 'neck', 'long', 'sleeves', 'may', 'fullness', 'set', 'yoke']
INFO : high
INFO : three feet high   three Mount Everests high
INFO : three feet high   three Mount Everests high
INFO : ['three', 'feet', 'high', 'three', 'mount', 'everests', 'high']
INFO : high
INFO : I told him about everything I could think of; and what I couldn't think of he did. He asked about six questions during my yarn, but every question had a point to it. At the end he bowed and thanked me once more. As a thanker he was main-truck high; I never see anybody so polite.
INFO : I told him about everything I could think of and what I couldnt think of he did He asked about six questions during my yarn but every question had a point to it At the end he bowed and thanked me once more As a thanker he was main-truck high I never see anybody so polite
INFO : ['told', 'everything', 'could', 'think', 'couldnt', 'think', 'asked', 'six', 'questions', 'yarn', 'every', 'question', 'point', 'end', 'bowed', 'thanked', 'thanker', 'main-truck', 'high', 'never', 'see', 'anybody', 'polite']
INFO : high
INFO : The oldest of the elves' royal family still conversed in High Elvish.
INFO : The oldest of the elves royal family still conversed in High Elvish
INFO : ['oldest', 'elves', 'royal', 'family', 'still', 'conversed', 'high', 'elvish']
INFO : high
INFO : The Barnacles were a very high family, and a very large family. They were dispersed all over the public offices, and held all sorts of public places.
INFO : The Barnacles were a very high family and a very large family They were dispersed all over the public offices and held all sorts of public places
INFO : ['barnacles', 'high', 'family', 'large', 'family', 'dispersed', 'public', 'offices', 'held', 'sorts', 'public', 'places']
INFO : high
INFO : the high priest, the high officials of the court, the high altar
INFO : the high priest the high officials of the court the high altar
INFO : ['high', 'priest', 'high', 'officials', 'court', 'high', 'altar']
INFO : high
INFO : high crimes, the high festival of the sun
INFO : high crimes the high festival of the sun
INFO : ['high', 'crimes', 'high', 'festival', 'sun']
INFO : high
INFO : high  heat; high  noon; high  seasoning; high  pleasure; high  colour; high  scholarship; high tide; high [tourism] season; the High Middle Ages
INFO : high  heat high  noon high  seasoning high  pleasure high  colour high  scholarship high tide high tourism season the High Middle Ages
INFO : ['high', 'heat', 'high', 'noon', 'high', 'seasoning', 'high', 'pleasure', 'high', 'colour', 'high', 'scholarship', 'high', 'tide', 'high', 'tourism', 'season', 'high', 'middle', 'ages']
INFO : high
INFO : High time it is this war now ended were.
INFO : High time it is this war now ended were
INFO : ['high', 'time', 'war', 'ended']
INFO : high
INFO : High sauces and spices are fetched from the Indies.
INFO : High sauces and spices are fetched from the Indies
INFO : ['high', 'sauces', 'spices', 'fetched', 'indies']
INFO : high
INFO : to hear and answer such high things
INFO : to hear and answer such high things
INFO : ['hear', 'answer', 'high', 'things']
INFO : high
INFO : Plain living and high thinking are no more.
INFO : Plain living and high thinking are no more
INFO : ['plain', 'living', 'high', 'thinking']
INFO : high
INFO : high latitude, high antiquity
INFO : high latitude high antiquity
INFO : ['high', 'latitude', 'high', 'antiquity']
INFO : high
INFO : Not a one of them was old enough to know what the high past of Liani separatism had really been like.
INFO : Not a one of them was old enough to know what the high past of Liani separatism had really been like
INFO : ['one', 'old', 'enough', 'know', 'high', 'past', 'liani', 'separatism', 'really', 'like']
INFO : high
INFO : in high spirits
INFO : in high spirits
INFO : ['high', 'spirits']
INFO : high
INFO : I was having a high time, living the good life.
INFO : I was having a high time living the good life
INFO : ['high', 'time', 'living', 'good', 'life']
INFO : high
INFO : high living, the high life
INFO : high living the high life
INFO : ['high', 'living', 'high', 'life']
INFO : high
INFO : I was living the high lifestyle in famous sex clubs, relaxing on luxurious sofas, in the saunas and whirlpools, enjoying moments of excitement with my male and female companions while sipping champagne from crystal glasses.
INFO : I was living the high lifestyle in famous sex clubs relaxing on luxurious sofas in the saunas and whirlpools enjoying moments of excitement with my male and female companions while sipping champagne from crystal glasses
INFO : ['living', 'high', 'lifestyle', 'famous', 'sex', 'clubs', 'relaxing', 'luxurious', 'sofas', 'saunas', 'whirlpools', 'enjoying', 'moments', 'excitement', 'male', 'female', 'companions', 'sipping', 'champagne', 'crystal', 'glasses']
INFO : high
INFO : a high tone
INFO : a high tone
INFO : ['high', 'tone']
INFO : high
INFO : An high look and a proud heart  […]  is sin.
INFO : An high look and a proud heart  …  is sin
INFO : ['high', 'look', 'proud', 'heart', '…', 'sin']
INFO : high
INFO : His forces, after all the high discourses, amounted really but to eighteen hundred foot.
INFO : His forces after all the high discourses amounted really but to eighteen hundred foot
INFO : ['forces', 'high', 'discourses', 'amounted', 'really', 'eighteen', 'hundred', 'foot']
INFO : high
INFO : "Conversely, just because I am not high on positivity, it does not mean I am necessarily high on negativity."
INFO : Conversely just because I am not high on positivity it does not mean I am necessarily high on negativity
INFO : ['conversely', 'high', 'positivity', 'mean', 'necessarily', 'high', 'negativity']
INFO : high
INFO : I'm not that high about the relationship.
INFO : Im not that high about the relationship
INFO : ['im', 'high', 'relationship']
INFO : high
INFO : The sea is as high as ever. I shouldn't think any boat could put out today.
INFO : The sea is as high as ever I shouldnt think any boat could put out today
INFO : ['sea', 'high', 'ever', 'shouldnt', 'think', 'boat', 'could', 'put', 'today']
INFO : high
INFO : My bank charges me a high interest rate.   I was running a high temperature and had high cholesterol.   high voltage   high prices   high winds   a high number
INFO : My bank charges me a high interest rate   I was running a high temperature and had high cholesterol   high voltage   high prices   high winds   a high number
INFO : ['bank', 'charges', 'high', 'interest', 'rate', 'running', 'high', 'temperature', 'high', 'cholesterol', 'high', 'voltage', 'high', 'prices', 'high', 'winds', 'high', 'number']
INFO : high
INFO : Can heavenly minds such high resentment show?
INFO : Can heavenly minds such high resentment show
INFO : ['heavenly', 'minds', 'high', 'resentment', 'show']
INFO : high
INFO : The single-imaging optic of the mammalian eye offers some distinct visual advantages. Such lenses can take in photons from a wide range of angles, increasing light sensitivity. They also have high spatial resolution, resolving incoming images in minute detail.
INFO : The single-imaging optic of the mammalian eye offers some distinct visual advantages Such lenses can take in photons from a wide range of angles increasing light sensitivity They also have high spatial resolution resolving incoming images in minute detail
INFO : ['single-imaging', 'optic', 'mammalian', 'eye', 'offers', 'distinct', 'visual', 'advantages', 'lenses', 'take', 'photons', 'wide', 'range', 'angles', 'increasing', 'light', 'sensitivity', 'also', 'high', 'spatial', 'resolution', 'resolving', 'incoming', 'images', 'minute', 'detail']
INFO : high
INFO : Ignition voltage needs to be high enough to overcome the high resistance created by the air gap.
INFO : Ignition voltage needs to be high enough to overcome the high resistance created by the air gap
INFO : ['ignition', 'voltage', 'needs', 'high', 'enough', 'overcome', 'high', 'resistance', 'created', 'air', 'gap']
INFO : high
INFO : Carrots are high in vitamin A.   made from a high-copper alloy
INFO : Carrots are high in vitamin A   made from a high-copper alloy
INFO : ['carrots', 'high', 'vitamin', 'made', 'high-copper', 'alloy']
INFO : high
INFO : Anyone can determine for himself whether certain wire is high carbon or not. Heat a piece of the wire red hot and while red plunge into water till cold.
INFO : Anyone can determine for himself whether certain wire is high carbon or not Heat a piece of the wire red hot and while red plunge into water till cold
INFO : ['anyone', 'determine', 'whether', 'certain', 'wire', 'high', 'carbon', 'heat', 'piece', 'wire', 'red', 'hot', 'red', 'plunge', 'water', 'till', 'cold']
INFO : high
INFO : The note was too high for her to sing.
INFO : The note was too high for her to sing
INFO : ['note', 'high', 'sing']
INFO : high
INFO : I have KT742 of the same suit. In other words, a K-high flush.
INFO : I have KT742 of the same suit In other words a K-high flush
INFO : ['kt742', 'suit', 'words', 'k-high', 'flush']
INFO : high
INFO : 9-high straight = 98765 unsuited
INFO : 9-high straight  98765 unsuited
INFO : ['9-high', 'straight', '98765', 'unsuited']
INFO : high
INFO : Royal Flush = AKQJT suited = A-high straight flush
INFO : Royal Flush  AKQJT suited  A-high straight flush
INFO : ['royal', 'flush', 'akqjt', 'suited', 'a-high', 'straight', 'flush']
INFO : high
INFO : North's hand was high. East was in trouble.
INFO : Norths hand was high East was in trouble
INFO : ['norths', 'hand', 'high', 'east', 'trouble']
INFO : high
INFO : Cutler pushed forward the two necessary white chips. No one's hand was high, and Loomis made a slight winning.
INFO : Cutler pushed forward the two necessary white chips No ones hand was high and Loomis made a slight winning
INFO : ['cutler', 'pushed', 'forward', 'two', 'necessary', 'white', 'chips', 'ones', 'hand', 'high', 'loomis', 'made', 'slight', 'winning']
INFO : high
INFO : Epicures do not cook game before it is high.
INFO : Epicures do not cook game before it is high
INFO : ['epicures', 'cook', 'game', 'high']
INFO : high
INFO : The tailor liked his meat high.
INFO : The tailor liked his meat high
INFO : ['tailor', 'liked', 'meat', 'high']
INFO : high
INFO : NO NEARER!  the command given by the pilot of quarter-master, to the helmsman, to steer the ship no higher to the direction of the wind than the sails will operate to advance the ship in her course.
INFO : NO NEARER  the command given by the pilot of quarter-master to the helmsman to steer the ship no higher to the direction of the wind than the sails will operate to advance the ship in her course
INFO : ['nearer', 'command', 'given', 'pilot', 'quarter-master', 'helmsman', 'steer', 'ship', 'higher', 'direction', 'wind', 'sails', 'operate', 'advance', 'ship', 'course']
INFO : high
INFO : How high above land did you fly?
INFO : How high above land did you fly
INFO : ['high', 'land', 'fly']
INFO : high
INFO : Costs have grown higher this year again.
INFO : Costs have grown higher this year again
INFO : ['costs', 'grown', 'higher', 'year']
INFO : high
INFO : I certainly can't sing that high.
INFO : I certainly cant sing that high
INFO : ['certainly', 'cant', 'sing', 'high']
INFO : high
INFO : South Korea has reached a new high in a kind of air pollution measured in fine dust.
Audio
INFO : South Korea has reached a new high in a kind of air pollution measured in fine dust
Audio
INFO : ['south', 'korea', 'reached', 'new', 'high', 'kind', 'air', 'pollution', 'measured', 'fine', 'dust', 'audio']
INFO : high
INFO : Audio
INFO : Audio
INFO : ['audio']
INFO : high
INFO : It was one of the highs of his career.
INFO : It was one of the highs of his career
INFO : ['one', 'highs', 'career']
INFO : high
INFO : They will have to reflect on a seventh successive defeat in a European final while Chelsea try to make sense of an eccentric season rife with controversy and bad feeling but once again one finishing on an exhilarating high.
INFO : They will have to reflect on a seventh successive defeat in a European final while Chelsea try to make sense of an eccentric season rife with controversy and bad feeling but once again one finishing on an exhilarating high
INFO : ['reflect', 'seventh', 'successive', 'defeat', 'european', 'final', 'chelsea', 'try', 'make', 'sense', 'eccentric', 'season', 'rife', 'controversy', 'bad', 'feeling', 'one', 'finishing', 'exhilarating', 'high']
INFO : high
INFO : That pill gave me a high for a few hours, before I had a comedown.
INFO : That pill gave me a high for a few hours before I had a comedown
INFO : ['pill', 'gave', 'high', 'hours', 'comedown']
INFO : high
INFO : No sooner has a [synthetic] drug been blacklisted than chemists adjust their recipe and start churning out a subtly different one. These “legal highs” are sold for the few months it takes the authorities to identify and ban them, and then the cycle begins again.
INFO : No sooner has a synthetic drug been blacklisted than chemists adjust their recipe and start churning out a subtly different one These “legal highs” are sold for the few months it takes the authorities to identify and ban them and then the cycle begins again
INFO : ['sooner', 'synthetic', 'drug', 'blacklisted', 'chemists', 'adjust', 'recipe', 'start', 'churning', 'subtly', 'different', 'one', '“', 'legal', 'highs', '”', 'sold', 'months', 'takes', 'authorities', 'identify', 'ban', 'cycle', 'begins']
INFO : high
INFO : A large high is centred on the Azores.
INFO : A large high is centred on the Azores
INFO : ['large', 'high', 'centred', 'azores']
INFO : high
INFO : Inflation reached a ten-year high.
INFO : Inflation reached a ten-year high
INFO : ['inflation', 'reached', 'ten-year', 'high']
INFO : high
INFO : Today's high was 32°C.
INFO : Todays high was 32°C
INFO : ['todays', 'high', '32°c']
INFO : high
INFO : The sun higheth.
INFO : The sun higheth
INFO : ['sun', 'higheth']
INFO : Empty DataFrame
Columns: [word, examples, source]
Index: []
